/!\ FAILSAFE /!\  2010-07-21 22:24:39 -0600
  Status: 500 Internal Server Error
  no such file to load -- sqlite3
    c:/Ruby/lib/ruby/gems/1.9.1/gems/activesupport-2.3.8/lib/active_support/dependencies.rb:156:in `require'
    c:/Ruby/lib/ruby/gems/1.9.1/gems/activesupport-2.3.8/lib/active_support/dependencies.rb:156:in `block in require'
    c:/Ruby/lib/ruby/gems/1.9.1/gems/activesupport-2.3.8/lib/active_support/dependencies.rb:521:in `new_constants_in'
    c:/Ruby/lib/ruby/gems/1.9.1/gems/activesupport-2.3.8/lib/active_support/dependencies.rb:156:in `require'
    c:/Ruby/lib/ruby/gems/1.9.1/gems/activesupport-2.3.8/lib/active_support/core_ext/kernel/requires.rb:7:in `block in require_library_or_gem'
    c:/Ruby/lib/ruby/gems/1.9.1/gems/activesupport-2.3.8/lib/active_support/core_ext/kernel/reporting.rb:11:in `silence_warnings'
    c:/Ruby/lib/ruby/gems/1.9.1/gems/activesupport-2.3.8/lib/active_support/core_ext/kernel/requires.rb:5:in `require_library_or_gem'
    c:/Ruby/lib/ruby/gems/1.9.1/gems/activerecord-2.3.8/lib/active_record/connection_adapters/sqlite3_adapter.rb:10:in `sqlite3_connection'
    c:/Ruby/lib/ruby/gems/1.9.1/gems/activerecord-2.3.8/lib/active_record/connection_adapters/abstract/connection_pool.rb:223:in `new_connection'
    c:/Ruby/lib/ruby/gems/1.9.1/gems/activerecord-2.3.8/lib/active_record/connection_adapters/abstract/connection_pool.rb:245:in `checkout_new_connection'
    c:/Ruby/lib/ruby/gems/1.9.1/gems/activerecord-2.3.8/lib/active_record/connection_adapters/abstract/connection_pool.rb:188:in `block (2 levels) in checkout'
    c:/Ruby/lib/ruby/gems/1.9.1/gems/activerecord-2.3.8/lib/active_record/connection_adapters/abstract/connection_pool.rb:184:in `loop'
    c:/Ruby/lib/ruby/gems/1.9.1/gems/activerecord-2.3.8/lib/active_record/connection_adapters/abstract/connection_pool.rb:184:in `block in checkout'
    c:/Ruby/lib/ruby/1.9.1/monitor.rb:190:in `mon_synchronize'
    c:/Ruby/lib/ruby/gems/1.9.1/gems/activerecord-2.3.8/lib/active_record/connection_adapters/abstract/connection_pool.rb:183:in `checkout'
    c:/Ruby/lib/ruby/gems/1.9.1/gems/activerecord-2.3.8/lib/active_record/connection_adapters/abstract/connection_pool.rb:98:in `connection'
    c:/Ruby/lib/ruby/gems/1.9.1/gems/activerecord-2.3.8/lib/active_record/connection_adapters/abstract/connection_pool.rb:326:in `retrieve_connection'
    c:/Ruby/lib/ruby/gems/1.9.1/gems/activerecord-2.3.8/lib/active_record/connection_adapters/abstract/connection_specification.rb:123:in `retrieve_connection'
    c:/Ruby/lib/ruby/gems/1.9.1/gems/activerecord-2.3.8/lib/active_record/connection_adapters/abstract/connection_specification.rb:115:in `connection'
    c:/Ruby/lib/ruby/gems/1.9.1/gems/activerecord-2.3.8/lib/active_record/query_cache.rb:9:in `cache'
    c:/Ruby/lib/ruby/gems/1.9.1/gems/activerecord-2.3.8/lib/active_record/query_cache.rb:28:in `call'
    c:/Ruby/lib/ruby/gems/1.9.1/gems/activerecord-2.3.8/lib/active_record/connection_adapters/abstract/connection_pool.rb:361:in `call'
    c:/Ruby/lib/ruby/gems/1.9.1/gems/warden-0.10.7/lib/warden/manager.rb:35:in `block in call'
    c:/Ruby/lib/ruby/gems/1.9.1/gems/warden-0.10.7/lib/warden/manager.rb:34:in `catch'
    c:/Ruby/lib/ruby/gems/1.9.1/gems/warden-0.10.7/lib/warden/manager.rb:34:in `call'
    c:/Ruby/lib/ruby/gems/1.9.1/gems/actionpack-2.3.8/lib/action_controller/string_coercion.rb:25:in `call'
    c:/Ruby/lib/ruby/gems/1.9.1/gems/rack-1.1.0/lib/rack/head.rb:9:in `call'
    c:/Ruby/lib/ruby/gems/1.9.1/gems/rack-1.1.0/lib/rack/methodoverride.rb:24:in `call'
    c:/Ruby/lib/ruby/gems/1.9.1/gems/actionpack-2.3.8/lib/action_controller/params_parser.rb:15:in `call'
    c:/Ruby/lib/ruby/gems/1.9.1/gems/actionpack-2.3.8/lib/action_controller/session/cookie_store.rb:99:in `call'
    c:/Ruby/lib/ruby/gems/1.9.1/gems/actionpack-2.3.8/lib/action_controller/failsafe.rb:26:in `call'
    c:/Ruby/lib/ruby/gems/1.9.1/gems/rack-1.1.0/lib/rack/lock.rb:11:in `block in call'
    <internal:prelude>:8:in `synchronize'
    c:/Ruby/lib/ruby/gems/1.9.1/gems/rack-1.1.0/lib/rack/lock.rb:11:in `call'
    c:/Ruby/lib/ruby/gems/1.9.1/gems/actionpack-2.3.8/lib/action_controller/dispatcher.rb:114:in `block in call'
    c:/Ruby/lib/ruby/gems/1.9.1/gems/actionpack-2.3.8/lib/action_controller/reloader.rb:34:in `run'
    c:/Ruby/lib/ruby/gems/1.9.1/gems/actionpack-2.3.8/lib/action_controller/dispatcher.rb:108:in `call'
    c:/Ruby/lib/ruby/gems/1.9.1/gems/rails-2.3.8/lib/rails/rack/static.rb:31:in `call'
    c:/Ruby/lib/ruby/gems/1.9.1/gems/rack-1.1.0/lib/rack/urlmap.rb:47:in `block in call'
    c:/Ruby/lib/ruby/gems/1.9.1/gems/rack-1.1.0/lib/rack/urlmap.rb:41:in `each'
    c:/Ruby/lib/ruby/gems/1.9.1/gems/rack-1.1.0/lib/rack/urlmap.rb:41:in `call'
    c:/Ruby/lib/ruby/gems/1.9.1/gems/rails-2.3.8/lib/rails/rack/log_tailer.rb:17:in `call'
    c:/Ruby/lib/ruby/gems/1.9.1/gems/rack-1.1.0/lib/rack/content_length.rb:13:in `call'
    c:/Ruby/lib/ruby/gems/1.9.1/gems/rack-1.1.0/lib/rack/handler/webrick.rb:48:in `service'
    c:/Ruby/lib/ruby/1.9.1/webrick/httpserver.rb:111:in `service'
    c:/Ruby/lib/ruby/1.9.1/webrick/httpserver.rb:70:in `run'
    c:/Ruby/lib/ruby/1.9.1/webrick/server.rb:183:in `block in start_thread'
/!\ FAILSAFE /!\  2010-07-21 22:24:50 -0600
  Status: 500 Internal Server Error
  no such file to load -- sqlite3
    c:/Ruby/lib/ruby/gems/1.9.1/gems/activesupport-2.3.8/lib/active_support/dependencies.rb:156:in `require'
    c:/Ruby/lib/ruby/gems/1.9.1/gems/activesupport-2.3.8/lib/active_support/dependencies.rb:156:in `block in require'
    c:/Ruby/lib/ruby/gems/1.9.1/gems/activesupport-2.3.8/lib/active_support/dependencies.rb:521:in `new_constants_in'
    c:/Ruby/lib/ruby/gems/1.9.1/gems/activesupport-2.3.8/lib/active_support/dependencies.rb:156:in `require'
    c:/Ruby/lib/ruby/gems/1.9.1/gems/activesupport-2.3.8/lib/active_support/core_ext/kernel/requires.rb:7:in `block in require_library_or_gem'
    c:/Ruby/lib/ruby/gems/1.9.1/gems/activesupport-2.3.8/lib/active_support/core_ext/kernel/reporting.rb:11:in `silence_warnings'
    c:/Ruby/lib/ruby/gems/1.9.1/gems/activesupport-2.3.8/lib/active_support/core_ext/kernel/requires.rb:5:in `require_library_or_gem'
    c:/Ruby/lib/ruby/gems/1.9.1/gems/activerecord-2.3.8/lib/active_record/connection_adapters/sqlite3_adapter.rb:10:in `sqlite3_connection'
    c:/Ruby/lib/ruby/gems/1.9.1/gems/activerecord-2.3.8/lib/active_record/connection_adapters/abstract/connection_pool.rb:223:in `new_connection'
    c:/Ruby/lib/ruby/gems/1.9.1/gems/activerecord-2.3.8/lib/active_record/connection_adapters/abstract/connection_pool.rb:245:in `checkout_new_connection'
    c:/Ruby/lib/ruby/gems/1.9.1/gems/activerecord-2.3.8/lib/active_record/connection_adapters/abstract/connection_pool.rb:188:in `block (2 levels) in checkout'
    c:/Ruby/lib/ruby/gems/1.9.1/gems/activerecord-2.3.8/lib/active_record/connection_adapters/abstract/connection_pool.rb:184:in `loop'
    c:/Ruby/lib/ruby/gems/1.9.1/gems/activerecord-2.3.8/lib/active_record/connection_adapters/abstract/connection_pool.rb:184:in `block in checkout'
    c:/Ruby/lib/ruby/1.9.1/monitor.rb:190:in `mon_synchronize'
    c:/Ruby/lib/ruby/gems/1.9.1/gems/activerecord-2.3.8/lib/active_record/connection_adapters/abstract/connection_pool.rb:183:in `checkout'
    c:/Ruby/lib/ruby/gems/1.9.1/gems/activerecord-2.3.8/lib/active_record/connection_adapters/abstract/connection_pool.rb:98:in `connection'
    c:/Ruby/lib/ruby/gems/1.9.1/gems/activerecord-2.3.8/lib/active_record/connection_adapters/abstract/connection_pool.rb:326:in `retrieve_connection'
    c:/Ruby/lib/ruby/gems/1.9.1/gems/activerecord-2.3.8/lib/active_record/connection_adapters/abstract/connection_specification.rb:123:in `retrieve_connection'
    c:/Ruby/lib/ruby/gems/1.9.1/gems/activerecord-2.3.8/lib/active_record/connection_adapters/abstract/connection_specification.rb:115:in `connection'
    c:/Ruby/lib/ruby/gems/1.9.1/gems/activerecord-2.3.8/lib/active_record/query_cache.rb:9:in `cache'
    c:/Ruby/lib/ruby/gems/1.9.1/gems/activerecord-2.3.8/lib/active_record/query_cache.rb:28:in `call'
    c:/Ruby/lib/ruby/gems/1.9.1/gems/activerecord-2.3.8/lib/active_record/connection_adapters/abstract/connection_pool.rb:361:in `call'
    c:/Ruby/lib/ruby/gems/1.9.1/gems/warden-0.10.7/lib/warden/manager.rb:35:in `block in call'
    c:/Ruby/lib/ruby/gems/1.9.1/gems/warden-0.10.7/lib/warden/manager.rb:34:in `catch'
    c:/Ruby/lib/ruby/gems/1.9.1/gems/warden-0.10.7/lib/warden/manager.rb:34:in `call'
    c:/Ruby/lib/ruby/gems/1.9.1/gems/actionpack-2.3.8/lib/action_controller/string_coercion.rb:25:in `call'
    c:/Ruby/lib/ruby/gems/1.9.1/gems/rack-1.1.0/lib/rack/head.rb:9:in `call'
    c:/Ruby/lib/ruby/gems/1.9.1/gems/rack-1.1.0/lib/rack/methodoverride.rb:24:in `call'
    c:/Ruby/lib/ruby/gems/1.9.1/gems/actionpack-2.3.8/lib/action_controller/params_parser.rb:15:in `call'
    c:/Ruby/lib/ruby/gems/1.9.1/gems/actionpack-2.3.8/lib/action_controller/session/cookie_store.rb:99:in `call'
    c:/Ruby/lib/ruby/gems/1.9.1/gems/actionpack-2.3.8/lib/action_controller/failsafe.rb:26:in `call'
    c:/Ruby/lib/ruby/gems/1.9.1/gems/rack-1.1.0/lib/rack/lock.rb:11:in `block in call'
    <internal:prelude>:8:in `synchronize'
    c:/Ruby/lib/ruby/gems/1.9.1/gems/rack-1.1.0/lib/rack/lock.rb:11:in `call'
    c:/Ruby/lib/ruby/gems/1.9.1/gems/actionpack-2.3.8/lib/action_controller/dispatcher.rb:114:in `block in call'
    c:/Ruby/lib/ruby/gems/1.9.1/gems/actionpack-2.3.8/lib/action_controller/reloader.rb:34:in `run'
    c:/Ruby/lib/ruby/gems/1.9.1/gems/actionpack-2.3.8/lib/action_controller/dispatcher.rb:108:in `call'
    c:/Ruby/lib/ruby/gems/1.9.1/gems/rails-2.3.8/lib/rails/rack/static.rb:31:in `call'
    c:/Ruby/lib/ruby/gems/1.9.1/gems/rack-1.1.0/lib/rack/urlmap.rb:47:in `block in call'
    c:/Ruby/lib/ruby/gems/1.9.1/gems/rack-1.1.0/lib/rack/urlmap.rb:41:in `each'
    c:/Ruby/lib/ruby/gems/1.9.1/gems/rack-1.1.0/lib/rack/urlmap.rb:41:in `call'
    c:/Ruby/lib/ruby/gems/1.9.1/gems/rails-2.3.8/lib/rails/rack/log_tailer.rb:17:in `call'
    c:/Ruby/lib/ruby/gems/1.9.1/gems/rack-1.1.0/lib/rack/content_length.rb:13:in `call'
    c:/Ruby/lib/ruby/gems/1.9.1/gems/rack-1.1.0/lib/rack/handler/webrick.rb:48:in `service'
    c:/Ruby/lib/ruby/1.9.1/webrick/httpserver.rb:111:in `service'
    c:/Ruby/lib/ruby/1.9.1/webrick/httpserver.rb:70:in `run'
    c:/Ruby/lib/ruby/1.9.1/webrick/server.rb:183:in `block in start_thread'
/!\ FAILSAFE /!\  2010-07-21 22:25:12 -0600
  Status: 500 Internal Server Error
  no such file to load -- sqlite3
    c:/Ruby/lib/ruby/gems/1.9.1/gems/activesupport-2.3.8/lib/active_support/dependencies.rb:156:in `require'
    c:/Ruby/lib/ruby/gems/1.9.1/gems/activesupport-2.3.8/lib/active_support/dependencies.rb:156:in `block in require'
    c:/Ruby/lib/ruby/gems/1.9.1/gems/activesupport-2.3.8/lib/active_support/dependencies.rb:521:in `new_constants_in'
    c:/Ruby/lib/ruby/gems/1.9.1/gems/activesupport-2.3.8/lib/active_support/dependencies.rb:156:in `require'
    c:/Ruby/lib/ruby/gems/1.9.1/gems/activesupport-2.3.8/lib/active_support/core_ext/kernel/requires.rb:7:in `block in require_library_or_gem'
    c:/Ruby/lib/ruby/gems/1.9.1/gems/activesupport-2.3.8/lib/active_support/core_ext/kernel/reporting.rb:11:in `silence_warnings'
    c:/Ruby/lib/ruby/gems/1.9.1/gems/activesupport-2.3.8/lib/active_support/core_ext/kernel/requires.rb:5:in `require_library_or_gem'
    c:/Ruby/lib/ruby/gems/1.9.1/gems/activerecord-2.3.8/lib/active_record/connection_adapters/sqlite3_adapter.rb:10:in `sqlite3_connection'
    c:/Ruby/lib/ruby/gems/1.9.1/gems/activerecord-2.3.8/lib/active_record/connection_adapters/abstract/connection_pool.rb:223:in `new_connection'
    c:/Ruby/lib/ruby/gems/1.9.1/gems/activerecord-2.3.8/lib/active_record/connection_adapters/abstract/connection_pool.rb:245:in `checkout_new_connection'
    c:/Ruby/lib/ruby/gems/1.9.1/gems/activerecord-2.3.8/lib/active_record/connection_adapters/abstract/connection_pool.rb:188:in `block (2 levels) in checkout'
    c:/Ruby/lib/ruby/gems/1.9.1/gems/activerecord-2.3.8/lib/active_record/connection_adapters/abstract/connection_pool.rb:184:in `loop'
    c:/Ruby/lib/ruby/gems/1.9.1/gems/activerecord-2.3.8/lib/active_record/connection_adapters/abstract/connection_pool.rb:184:in `block in checkout'
    c:/Ruby/lib/ruby/1.9.1/monitor.rb:190:in `mon_synchronize'
    c:/Ruby/lib/ruby/gems/1.9.1/gems/activerecord-2.3.8/lib/active_record/connection_adapters/abstract/connection_pool.rb:183:in `checkout'
    c:/Ruby/lib/ruby/gems/1.9.1/gems/activerecord-2.3.8/lib/active_record/connection_adapters/abstract/connection_pool.rb:98:in `connection'
    c:/Ruby/lib/ruby/gems/1.9.1/gems/activerecord-2.3.8/lib/active_record/connection_adapters/abstract/connection_pool.rb:326:in `retrieve_connection'
    c:/Ruby/lib/ruby/gems/1.9.1/gems/activerecord-2.3.8/lib/active_record/connection_adapters/abstract/connection_specification.rb:123:in `retrieve_connection'
    c:/Ruby/lib/ruby/gems/1.9.1/gems/activerecord-2.3.8/lib/active_record/connection_adapters/abstract/connection_specification.rb:115:in `connection'
    c:/Ruby/lib/ruby/gems/1.9.1/gems/activerecord-2.3.8/lib/active_record/query_cache.rb:9:in `cache'
    c:/Ruby/lib/ruby/gems/1.9.1/gems/activerecord-2.3.8/lib/active_record/query_cache.rb:28:in `call'
    c:/Ruby/lib/ruby/gems/1.9.1/gems/activerecord-2.3.8/lib/active_record/connection_adapters/abstract/connection_pool.rb:361:in `call'
    c:/Ruby/lib/ruby/gems/1.9.1/gems/warden-0.10.7/lib/warden/manager.rb:35:in `block in call'
    c:/Ruby/lib/ruby/gems/1.9.1/gems/warden-0.10.7/lib/warden/manager.rb:34:in `catch'
    c:/Ruby/lib/ruby/gems/1.9.1/gems/warden-0.10.7/lib/warden/manager.rb:34:in `call'
    c:/Ruby/lib/ruby/gems/1.9.1/gems/actionpack-2.3.8/lib/action_controller/string_coercion.rb:25:in `call'
    c:/Ruby/lib/ruby/gems/1.9.1/gems/rack-1.1.0/lib/rack/head.rb:9:in `call'
    c:/Ruby/lib/ruby/gems/1.9.1/gems/rack-1.1.0/lib/rack/methodoverride.rb:24:in `call'
    c:/Ruby/lib/ruby/gems/1.9.1/gems/actionpack-2.3.8/lib/action_controller/params_parser.rb:15:in `call'
    c:/Ruby/lib/ruby/gems/1.9.1/gems/actionpack-2.3.8/lib/action_controller/session/cookie_store.rb:99:in `call'
    c:/Ruby/lib/ruby/gems/1.9.1/gems/actionpack-2.3.8/lib/action_controller/failsafe.rb:26:in `call'
    c:/Ruby/lib/ruby/gems/1.9.1/gems/rack-1.1.0/lib/rack/lock.rb:11:in `block in call'
    <internal:prelude>:8:in `synchronize'
    c:/Ruby/lib/ruby/gems/1.9.1/gems/rack-1.1.0/lib/rack/lock.rb:11:in `call'
    c:/Ruby/lib/ruby/gems/1.9.1/gems/actionpack-2.3.8/lib/action_controller/dispatcher.rb:114:in `block in call'
    c:/Ruby/lib/ruby/gems/1.9.1/gems/actionpack-2.3.8/lib/action_controller/reloader.rb:34:in `run'
    c:/Ruby/lib/ruby/gems/1.9.1/gems/actionpack-2.3.8/lib/action_controller/dispatcher.rb:108:in `call'
    c:/Ruby/lib/ruby/gems/1.9.1/gems/rails-2.3.8/lib/rails/rack/static.rb:31:in `call'
    c:/Ruby/lib/ruby/gems/1.9.1/gems/rack-1.1.0/lib/rack/urlmap.rb:47:in `block in call'
    c:/Ruby/lib/ruby/gems/1.9.1/gems/rack-1.1.0/lib/rack/urlmap.rb:41:in `each'
    c:/Ruby/lib/ruby/gems/1.9.1/gems/rack-1.1.0/lib/rack/urlmap.rb:41:in `call'
    c:/Ruby/lib/ruby/gems/1.9.1/gems/rails-2.3.8/lib/rails/rack/log_tailer.rb:17:in `call'
    c:/Ruby/lib/ruby/gems/1.9.1/gems/rack-1.1.0/lib/rack/content_length.rb:13:in `call'
    c:/Ruby/lib/ruby/gems/1.9.1/gems/rack-1.1.0/lib/rack/handler/webrick.rb:48:in `service'
    c:/Ruby/lib/ruby/1.9.1/webrick/httpserver.rb:111:in `service'
    c:/Ruby/lib/ruby/1.9.1/webrick/httpserver.rb:70:in `run'
    c:/Ruby/lib/ruby/1.9.1/webrick/server.rb:183:in `block in start_thread'
/!\ FAILSAFE /!\  2010-07-21 22:25:17 -0600
  Status: 500 Internal Server Error
  no such file to load -- sqlite3
    c:/Ruby/lib/ruby/gems/1.9.1/gems/activesupport-2.3.8/lib/active_support/dependencies.rb:156:in `require'
    c:/Ruby/lib/ruby/gems/1.9.1/gems/activesupport-2.3.8/lib/active_support/dependencies.rb:156:in `block in require'
    c:/Ruby/lib/ruby/gems/1.9.1/gems/activesupport-2.3.8/lib/active_support/dependencies.rb:521:in `new_constants_in'
    c:/Ruby/lib/ruby/gems/1.9.1/gems/activesupport-2.3.8/lib/active_support/dependencies.rb:156:in `require'
    c:/Ruby/lib/ruby/gems/1.9.1/gems/activesupport-2.3.8/lib/active_support/core_ext/kernel/requires.rb:7:in `block in require_library_or_gem'
    c:/Ruby/lib/ruby/gems/1.9.1/gems/activesupport-2.3.8/lib/active_support/core_ext/kernel/reporting.rb:11:in `silence_warnings'
    c:/Ruby/lib/ruby/gems/1.9.1/gems/activesupport-2.3.8/lib/active_support/core_ext/kernel/requires.rb:5:in `require_library_or_gem'
    c:/Ruby/lib/ruby/gems/1.9.1/gems/activerecord-2.3.8/lib/active_record/connection_adapters/sqlite3_adapter.rb:10:in `sqlite3_connection'
    c:/Ruby/lib/ruby/gems/1.9.1/gems/activerecord-2.3.8/lib/active_record/connection_adapters/abstract/connection_pool.rb:223:in `new_connection'
    c:/Ruby/lib/ruby/gems/1.9.1/gems/activerecord-2.3.8/lib/active_record/connection_adapters/abstract/connection_pool.rb:245:in `checkout_new_connection'
    c:/Ruby/lib/ruby/gems/1.9.1/gems/activerecord-2.3.8/lib/active_record/connection_adapters/abstract/connection_pool.rb:188:in `block (2 levels) in checkout'
    c:/Ruby/lib/ruby/gems/1.9.1/gems/activerecord-2.3.8/lib/active_record/connection_adapters/abstract/connection_pool.rb:184:in `loop'
    c:/Ruby/lib/ruby/gems/1.9.1/gems/activerecord-2.3.8/lib/active_record/connection_adapters/abstract/connection_pool.rb:184:in `block in checkout'
    c:/Ruby/lib/ruby/1.9.1/monitor.rb:190:in `mon_synchronize'
    c:/Ruby/lib/ruby/gems/1.9.1/gems/activerecord-2.3.8/lib/active_record/connection_adapters/abstract/connection_pool.rb:183:in `checkout'
    c:/Ruby/lib/ruby/gems/1.9.1/gems/activerecord-2.3.8/lib/active_record/connection_adapters/abstract/connection_pool.rb:98:in `connection'
    c:/Ruby/lib/ruby/gems/1.9.1/gems/activerecord-2.3.8/lib/active_record/connection_adapters/abstract/connection_pool.rb:326:in `retrieve_connection'
    c:/Ruby/lib/ruby/gems/1.9.1/gems/activerecord-2.3.8/lib/active_record/connection_adapters/abstract/connection_specification.rb:123:in `retrieve_connection'
    c:/Ruby/lib/ruby/gems/1.9.1/gems/activerecord-2.3.8/lib/active_record/connection_adapters/abstract/connection_specification.rb:115:in `connection'
    c:/Ruby/lib/ruby/gems/1.9.1/gems/activerecord-2.3.8/lib/active_record/query_cache.rb:9:in `cache'
    c:/Ruby/lib/ruby/gems/1.9.1/gems/activerecord-2.3.8/lib/active_record/query_cache.rb:28:in `call'
    c:/Ruby/lib/ruby/gems/1.9.1/gems/activerecord-2.3.8/lib/active_record/connection_adapters/abstract/connection_pool.rb:361:in `call'
    c:/Ruby/lib/ruby/gems/1.9.1/gems/warden-0.10.7/lib/warden/manager.rb:35:in `block in call'
    c:/Ruby/lib/ruby/gems/1.9.1/gems/warden-0.10.7/lib/warden/manager.rb:34:in `catch'
    c:/Ruby/lib/ruby/gems/1.9.1/gems/warden-0.10.7/lib/warden/manager.rb:34:in `call'
    c:/Ruby/lib/ruby/gems/1.9.1/gems/actionpack-2.3.8/lib/action_controller/string_coercion.rb:25:in `call'
    c:/Ruby/lib/ruby/gems/1.9.1/gems/rack-1.1.0/lib/rack/head.rb:9:in `call'
    c:/Ruby/lib/ruby/gems/1.9.1/gems/rack-1.1.0/lib/rack/methodoverride.rb:24:in `call'
    c:/Ruby/lib/ruby/gems/1.9.1/gems/actionpack-2.3.8/lib/action_controller/params_parser.rb:15:in `call'
    c:/Ruby/lib/ruby/gems/1.9.1/gems/actionpack-2.3.8/lib/action_controller/session/cookie_store.rb:99:in `call'
    c:/Ruby/lib/ruby/gems/1.9.1/gems/actionpack-2.3.8/lib/action_controller/failsafe.rb:26:in `call'
    c:/Ruby/lib/ruby/gems/1.9.1/gems/rack-1.1.0/lib/rack/lock.rb:11:in `block in call'
    <internal:prelude>:8:in `synchronize'
    c:/Ruby/lib/ruby/gems/1.9.1/gems/rack-1.1.0/lib/rack/lock.rb:11:in `call'
    c:/Ruby/lib/ruby/gems/1.9.1/gems/actionpack-2.3.8/lib/action_controller/dispatcher.rb:114:in `block in call'
    c:/Ruby/lib/ruby/gems/1.9.1/gems/actionpack-2.3.8/lib/action_controller/reloader.rb:34:in `run'
    c:/Ruby/lib/ruby/gems/1.9.1/gems/actionpack-2.3.8/lib/action_controller/dispatcher.rb:108:in `call'
    c:/Ruby/lib/ruby/gems/1.9.1/gems/rails-2.3.8/lib/rails/rack/static.rb:31:in `call'
    c:/Ruby/lib/ruby/gems/1.9.1/gems/rack-1.1.0/lib/rack/urlmap.rb:47:in `block in call'
    c:/Ruby/lib/ruby/gems/1.9.1/gems/rack-1.1.0/lib/rack/urlmap.rb:41:in `each'
    c:/Ruby/lib/ruby/gems/1.9.1/gems/rack-1.1.0/lib/rack/urlmap.rb:41:in `call'
    c:/Ruby/lib/ruby/gems/1.9.1/gems/rails-2.3.8/lib/rails/rack/log_tailer.rb:17:in `call'
    c:/Ruby/lib/ruby/gems/1.9.1/gems/rack-1.1.0/lib/rack/content_length.rb:13:in `call'
    c:/Ruby/lib/ruby/gems/1.9.1/gems/rack-1.1.0/lib/rack/handler/webrick.rb:48:in `service'
    c:/Ruby/lib/ruby/1.9.1/webrick/httpserver.rb:111:in `service'
    c:/Ruby/lib/ruby/1.9.1/webrick/httpserver.rb:70:in `run'
    c:/Ruby/lib/ruby/1.9.1/webrick/server.rb:183:in `block in start_thread'
/!\ FAILSAFE /!\  2010-07-21 22:25:20 -0600
  Status: 500 Internal Server Error
  no such file to load -- sqlite3
    c:/Ruby/lib/ruby/gems/1.9.1/gems/activesupport-2.3.8/lib/active_support/dependencies.rb:156:in `require'
    c:/Ruby/lib/ruby/gems/1.9.1/gems/activesupport-2.3.8/lib/active_support/dependencies.rb:156:in `block in require'
    c:/Ruby/lib/ruby/gems/1.9.1/gems/activesupport-2.3.8/lib/active_support/dependencies.rb:521:in `new_constants_in'
    c:/Ruby/lib/ruby/gems/1.9.1/gems/activesupport-2.3.8/lib/active_support/dependencies.rb:156:in `require'
    c:/Ruby/lib/ruby/gems/1.9.1/gems/activesupport-2.3.8/lib/active_support/core_ext/kernel/requires.rb:7:in `block in require_library_or_gem'
    c:/Ruby/lib/ruby/gems/1.9.1/gems/activesupport-2.3.8/lib/active_support/core_ext/kernel/reporting.rb:11:in `silence_warnings'
    c:/Ruby/lib/ruby/gems/1.9.1/gems/activesupport-2.3.8/lib/active_support/core_ext/kernel/requires.rb:5:in `require_library_or_gem'
    c:/Ruby/lib/ruby/gems/1.9.1/gems/activerecord-2.3.8/lib/active_record/connection_adapters/sqlite3_adapter.rb:10:in `sqlite3_connection'
    c:/Ruby/lib/ruby/gems/1.9.1/gems/activerecord-2.3.8/lib/active_record/connection_adapters/abstract/connection_pool.rb:223:in `new_connection'
    c:/Ruby/lib/ruby/gems/1.9.1/gems/activerecord-2.3.8/lib/active_record/connection_adapters/abstract/connection_pool.rb:245:in `checkout_new_connection'
    c:/Ruby/lib/ruby/gems/1.9.1/gems/activerecord-2.3.8/lib/active_record/connection_adapters/abstract/connection_pool.rb:188:in `block (2 levels) in checkout'
    c:/Ruby/lib/ruby/gems/1.9.1/gems/activerecord-2.3.8/lib/active_record/connection_adapters/abstract/connection_pool.rb:184:in `loop'
    c:/Ruby/lib/ruby/gems/1.9.1/gems/activerecord-2.3.8/lib/active_record/connection_adapters/abstract/connection_pool.rb:184:in `block in checkout'
    c:/Ruby/lib/ruby/1.9.1/monitor.rb:190:in `mon_synchronize'
    c:/Ruby/lib/ruby/gems/1.9.1/gems/activerecord-2.3.8/lib/active_record/connection_adapters/abstract/connection_pool.rb:183:in `checkout'
    c:/Ruby/lib/ruby/gems/1.9.1/gems/activerecord-2.3.8/lib/active_record/connection_adapters/abstract/connection_pool.rb:98:in `connection'
    c:/Ruby/lib/ruby/gems/1.9.1/gems/activerecord-2.3.8/lib/active_record/connection_adapters/abstract/connection_pool.rb:326:in `retrieve_connection'
    c:/Ruby/lib/ruby/gems/1.9.1/gems/activerecord-2.3.8/lib/active_record/connection_adapters/abstract/connection_specification.rb:123:in `retrieve_connection'
    c:/Ruby/lib/ruby/gems/1.9.1/gems/activerecord-2.3.8/lib/active_record/connection_adapters/abstract/connection_specification.rb:115:in `connection'
    c:/Ruby/lib/ruby/gems/1.9.1/gems/activerecord-2.3.8/lib/active_record/query_cache.rb:9:in `cache'
    c:/Ruby/lib/ruby/gems/1.9.1/gems/activerecord-2.3.8/lib/active_record/query_cache.rb:28:in `call'
    c:/Ruby/lib/ruby/gems/1.9.1/gems/activerecord-2.3.8/lib/active_record/connection_adapters/abstract/connection_pool.rb:361:in `call'
    c:/Ruby/lib/ruby/gems/1.9.1/gems/warden-0.10.7/lib/warden/manager.rb:35:in `block in call'
    c:/Ruby/lib/ruby/gems/1.9.1/gems/warden-0.10.7/lib/warden/manager.rb:34:in `catch'
    c:/Ruby/lib/ruby/gems/1.9.1/gems/warden-0.10.7/lib/warden/manager.rb:34:in `call'
    c:/Ruby/lib/ruby/gems/1.9.1/gems/actionpack-2.3.8/lib/action_controller/string_coercion.rb:25:in `call'
    c:/Ruby/lib/ruby/gems/1.9.1/gems/rack-1.1.0/lib/rack/head.rb:9:in `call'
    c:/Ruby/lib/ruby/gems/1.9.1/gems/rack-1.1.0/lib/rack/methodoverride.rb:24:in `call'
    c:/Ruby/lib/ruby/gems/1.9.1/gems/actionpack-2.3.8/lib/action_controller/params_parser.rb:15:in `call'
    c:/Ruby/lib/ruby/gems/1.9.1/gems/actionpack-2.3.8/lib/action_controller/session/cookie_store.rb:99:in `call'
    c:/Ruby/lib/ruby/gems/1.9.1/gems/actionpack-2.3.8/lib/action_controller/failsafe.rb:26:in `call'
    c:/Ruby/lib/ruby/gems/1.9.1/gems/rack-1.1.0/lib/rack/lock.rb:11:in `block in call'
    <internal:prelude>:8:in `synchronize'
    c:/Ruby/lib/ruby/gems/1.9.1/gems/rack-1.1.0/lib/rack/lock.rb:11:in `call'
    c:/Ruby/lib/ruby/gems/1.9.1/gems/actionpack-2.3.8/lib/action_controller/dispatcher.rb:114:in `block in call'
    c:/Ruby/lib/ruby/gems/1.9.1/gems/actionpack-2.3.8/lib/action_controller/reloader.rb:34:in `run'
    c:/Ruby/lib/ruby/gems/1.9.1/gems/actionpack-2.3.8/lib/action_controller/dispatcher.rb:108:in `call'
    c:/Ruby/lib/ruby/gems/1.9.1/gems/rails-2.3.8/lib/rails/rack/static.rb:31:in `call'
    c:/Ruby/lib/ruby/gems/1.9.1/gems/rack-1.1.0/lib/rack/urlmap.rb:47:in `block in call'
    c:/Ruby/lib/ruby/gems/1.9.1/gems/rack-1.1.0/lib/rack/urlmap.rb:41:in `each'
    c:/Ruby/lib/ruby/gems/1.9.1/gems/rack-1.1.0/lib/rack/urlmap.rb:41:in `call'
    c:/Ruby/lib/ruby/gems/1.9.1/gems/rails-2.3.8/lib/rails/rack/log_tailer.rb:17:in `call'
    c:/Ruby/lib/ruby/gems/1.9.1/gems/rack-1.1.0/lib/rack/content_length.rb:13:in `call'
    c:/Ruby/lib/ruby/gems/1.9.1/gems/rack-1.1.0/lib/rack/handler/webrick.rb:48:in `service'
    c:/Ruby/lib/ruby/1.9.1/webrick/httpserver.rb:111:in `service'
    c:/Ruby/lib/ruby/1.9.1/webrick/httpserver.rb:70:in `run'
    c:/Ruby/lib/ruby/1.9.1/webrick/server.rb:183:in `block in start_thread'
/!\ FAILSAFE /!\  2010-07-21 22:26:23 -0600
  Status: 500 Internal Server Error
  no such file to load -- sqlite3
    c:/Ruby/lib/ruby/gems/1.9.1/gems/activesupport-2.3.8/lib/active_support/dependencies.rb:156:in `require'
    c:/Ruby/lib/ruby/gems/1.9.1/gems/activesupport-2.3.8/lib/active_support/dependencies.rb:156:in `block in require'
    c:/Ruby/lib/ruby/gems/1.9.1/gems/activesupport-2.3.8/lib/active_support/dependencies.rb:521:in `new_constants_in'
    c:/Ruby/lib/ruby/gems/1.9.1/gems/activesupport-2.3.8/lib/active_support/dependencies.rb:156:in `require'
    c:/Ruby/lib/ruby/gems/1.9.1/gems/activesupport-2.3.8/lib/active_support/core_ext/kernel/requires.rb:7:in `block in require_library_or_gem'
    c:/Ruby/lib/ruby/gems/1.9.1/gems/activesupport-2.3.8/lib/active_support/core_ext/kernel/reporting.rb:11:in `silence_warnings'
    c:/Ruby/lib/ruby/gems/1.9.1/gems/activesupport-2.3.8/lib/active_support/core_ext/kernel/requires.rb:5:in `require_library_or_gem'
    c:/Ruby/lib/ruby/gems/1.9.1/gems/activerecord-2.3.8/lib/active_record/connection_adapters/sqlite3_adapter.rb:10:in `sqlite3_connection'
    c:/Ruby/lib/ruby/gems/1.9.1/gems/activerecord-2.3.8/lib/active_record/connection_adapters/abstract/connection_pool.rb:223:in `new_connection'
    c:/Ruby/lib/ruby/gems/1.9.1/gems/activerecord-2.3.8/lib/active_record/connection_adapters/abstract/connection_pool.rb:245:in `checkout_new_connection'
    c:/Ruby/lib/ruby/gems/1.9.1/gems/activerecord-2.3.8/lib/active_record/connection_adapters/abstract/connection_pool.rb:188:in `block (2 levels) in checkout'
    c:/Ruby/lib/ruby/gems/1.9.1/gems/activerecord-2.3.8/lib/active_record/connection_adapters/abstract/connection_pool.rb:184:in `loop'
    c:/Ruby/lib/ruby/gems/1.9.1/gems/activerecord-2.3.8/lib/active_record/connection_adapters/abstract/connection_pool.rb:184:in `block in checkout'
    c:/Ruby/lib/ruby/1.9.1/monitor.rb:190:in `mon_synchronize'
    c:/Ruby/lib/ruby/gems/1.9.1/gems/activerecord-2.3.8/lib/active_record/connection_adapters/abstract/connection_pool.rb:183:in `checkout'
    c:/Ruby/lib/ruby/gems/1.9.1/gems/activerecord-2.3.8/lib/active_record/connection_adapters/abstract/connection_pool.rb:98:in `connection'
    c:/Ruby/lib/ruby/gems/1.9.1/gems/activerecord-2.3.8/lib/active_record/connection_adapters/abstract/connection_pool.rb:326:in `retrieve_connection'
    c:/Ruby/lib/ruby/gems/1.9.1/gems/activerecord-2.3.8/lib/active_record/connection_adapters/abstract/connection_specification.rb:123:in `retrieve_connection'
    c:/Ruby/lib/ruby/gems/1.9.1/gems/activerecord-2.3.8/lib/active_record/connection_adapters/abstract/connection_specification.rb:115:in `connection'
    c:/Ruby/lib/ruby/gems/1.9.1/gems/activerecord-2.3.8/lib/active_record/query_cache.rb:9:in `cache'
    c:/Ruby/lib/ruby/gems/1.9.1/gems/activerecord-2.3.8/lib/active_record/query_cache.rb:28:in `call'
    c:/Ruby/lib/ruby/gems/1.9.1/gems/activerecord-2.3.8/lib/active_record/connection_adapters/abstract/connection_pool.rb:361:in `call'
    c:/Ruby/lib/ruby/gems/1.9.1/gems/warden-0.10.7/lib/warden/manager.rb:35:in `block in call'
    c:/Ruby/lib/ruby/gems/1.9.1/gems/warden-0.10.7/lib/warden/manager.rb:34:in `catch'
    c:/Ruby/lib/ruby/gems/1.9.1/gems/warden-0.10.7/lib/warden/manager.rb:34:in `call'
    c:/Ruby/lib/ruby/gems/1.9.1/gems/actionpack-2.3.8/lib/action_controller/string_coercion.rb:25:in `call'
    c:/Ruby/lib/ruby/gems/1.9.1/gems/rack-1.1.0/lib/rack/head.rb:9:in `call'
    c:/Ruby/lib/ruby/gems/1.9.1/gems/rack-1.1.0/lib/rack/methodoverride.rb:24:in `call'
    c:/Ruby/lib/ruby/gems/1.9.1/gems/actionpack-2.3.8/lib/action_controller/params_parser.rb:15:in `call'
    c:/Ruby/lib/ruby/gems/1.9.1/gems/actionpack-2.3.8/lib/action_controller/session/cookie_store.rb:99:in `call'
    c:/Ruby/lib/ruby/gems/1.9.1/gems/actionpack-2.3.8/lib/action_controller/failsafe.rb:26:in `call'
    c:/Ruby/lib/ruby/gems/1.9.1/gems/rack-1.1.0/lib/rack/lock.rb:11:in `block in call'
    <internal:prelude>:8:in `synchronize'
    c:/Ruby/lib/ruby/gems/1.9.1/gems/rack-1.1.0/lib/rack/lock.rb:11:in `call'
    c:/Ruby/lib/ruby/gems/1.9.1/gems/actionpack-2.3.8/lib/action_controller/dispatcher.rb:114:in `block in call'
    c:/Ruby/lib/ruby/gems/1.9.1/gems/actionpack-2.3.8/lib/action_controller/reloader.rb:34:in `run'
    c:/Ruby/lib/ruby/gems/1.9.1/gems/actionpack-2.3.8/lib/action_controller/dispatcher.rb:108:in `call'
    c:/Ruby/lib/ruby/gems/1.9.1/gems/rails-2.3.8/lib/rails/rack/static.rb:31:in `call'
    c:/Ruby/lib/ruby/gems/1.9.1/gems/rack-1.1.0/lib/rack/urlmap.rb:47:in `block in call'
    c:/Ruby/lib/ruby/gems/1.9.1/gems/rack-1.1.0/lib/rack/urlmap.rb:41:in `each'
    c:/Ruby/lib/ruby/gems/1.9.1/gems/rack-1.1.0/lib/rack/urlmap.rb:41:in `call'
    c:/Ruby/lib/ruby/gems/1.9.1/gems/rails-2.3.8/lib/rails/rack/log_tailer.rb:17:in `call'
    c:/Ruby/lib/ruby/gems/1.9.1/gems/rack-1.1.0/lib/rack/content_length.rb:13:in `call'
    c:/Ruby/lib/ruby/gems/1.9.1/gems/rack-1.1.0/lib/rack/handler/webrick.rb:48:in `service'
    c:/Ruby/lib/ruby/1.9.1/webrick/httpserver.rb:111:in `service'
    c:/Ruby/lib/ruby/1.9.1/webrick/httpserver.rb:70:in `run'
    c:/Ruby/lib/ruby/1.9.1/webrick/server.rb:183:in `block in start_thread'
/!\ FAILSAFE /!\  2010-07-21 22:27:51 -0600
  Status: 500 Internal Server Error
  no such file to load -- sqlite3
    c:/Ruby/lib/ruby/gems/1.9.1/gems/activesupport-2.3.8/lib/active_support/dependencies.rb:156:in `require'
    c:/Ruby/lib/ruby/gems/1.9.1/gems/activesupport-2.3.8/lib/active_support/dependencies.rb:156:in `block in require'
    c:/Ruby/lib/ruby/gems/1.9.1/gems/activesupport-2.3.8/lib/active_support/dependencies.rb:521:in `new_constants_in'
    c:/Ruby/lib/ruby/gems/1.9.1/gems/activesupport-2.3.8/lib/active_support/dependencies.rb:156:in `require'
    c:/Ruby/lib/ruby/gems/1.9.1/gems/activesupport-2.3.8/lib/active_support/core_ext/kernel/requires.rb:7:in `block in require_library_or_gem'
    c:/Ruby/lib/ruby/gems/1.9.1/gems/activesupport-2.3.8/lib/active_support/core_ext/kernel/reporting.rb:11:in `silence_warnings'
    c:/Ruby/lib/ruby/gems/1.9.1/gems/activesupport-2.3.8/lib/active_support/core_ext/kernel/requires.rb:5:in `require_library_or_gem'
    c:/Ruby/lib/ruby/gems/1.9.1/gems/activerecord-2.3.8/lib/active_record/connection_adapters/sqlite3_adapter.rb:10:in `sqlite3_connection'
    c:/Ruby/lib/ruby/gems/1.9.1/gems/activerecord-2.3.8/lib/active_record/connection_adapters/abstract/connection_pool.rb:223:in `new_connection'
    c:/Ruby/lib/ruby/gems/1.9.1/gems/activerecord-2.3.8/lib/active_record/connection_adapters/abstract/connection_pool.rb:245:in `checkout_new_connection'
    c:/Ruby/lib/ruby/gems/1.9.1/gems/activerecord-2.3.8/lib/active_record/connection_adapters/abstract/connection_pool.rb:188:in `block (2 levels) in checkout'
    c:/Ruby/lib/ruby/gems/1.9.1/gems/activerecord-2.3.8/lib/active_record/connection_adapters/abstract/connection_pool.rb:184:in `loop'
    c:/Ruby/lib/ruby/gems/1.9.1/gems/activerecord-2.3.8/lib/active_record/connection_adapters/abstract/connection_pool.rb:184:in `block in checkout'
    c:/Ruby/lib/ruby/1.9.1/monitor.rb:190:in `mon_synchronize'
    c:/Ruby/lib/ruby/gems/1.9.1/gems/activerecord-2.3.8/lib/active_record/connection_adapters/abstract/connection_pool.rb:183:in `checkout'
    c:/Ruby/lib/ruby/gems/1.9.1/gems/activerecord-2.3.8/lib/active_record/connection_adapters/abstract/connection_pool.rb:98:in `connection'
    c:/Ruby/lib/ruby/gems/1.9.1/gems/activerecord-2.3.8/lib/active_record/connection_adapters/abstract/connection_pool.rb:326:in `retrieve_connection'
    c:/Ruby/lib/ruby/gems/1.9.1/gems/activerecord-2.3.8/lib/active_record/connection_adapters/abstract/connection_specification.rb:123:in `retrieve_connection'
    c:/Ruby/lib/ruby/gems/1.9.1/gems/activerecord-2.3.8/lib/active_record/connection_adapters/abstract/connection_specification.rb:115:in `connection'
    c:/Ruby/lib/ruby/gems/1.9.1/gems/activerecord-2.3.8/lib/active_record/query_cache.rb:9:in `cache'
    c:/Ruby/lib/ruby/gems/1.9.1/gems/activerecord-2.3.8/lib/active_record/query_cache.rb:28:in `call'
    c:/Ruby/lib/ruby/gems/1.9.1/gems/activerecord-2.3.8/lib/active_record/connection_adapters/abstract/connection_pool.rb:361:in `call'
    c:/Ruby/lib/ruby/gems/1.9.1/gems/warden-0.10.7/lib/warden/manager.rb:35:in `block in call'
    c:/Ruby/lib/ruby/gems/1.9.1/gems/warden-0.10.7/lib/warden/manager.rb:34:in `catch'
    c:/Ruby/lib/ruby/gems/1.9.1/gems/warden-0.10.7/lib/warden/manager.rb:34:in `call'
    c:/Ruby/lib/ruby/gems/1.9.1/gems/actionpack-2.3.8/lib/action_controller/string_coercion.rb:25:in `call'
    c:/Ruby/lib/ruby/gems/1.9.1/gems/rack-1.1.0/lib/rack/head.rb:9:in `call'
    c:/Ruby/lib/ruby/gems/1.9.1/gems/rack-1.1.0/lib/rack/methodoverride.rb:24:in `call'
    c:/Ruby/lib/ruby/gems/1.9.1/gems/actionpack-2.3.8/lib/action_controller/params_parser.rb:15:in `call'
    c:/Ruby/lib/ruby/gems/1.9.1/gems/actionpack-2.3.8/lib/action_controller/session/cookie_store.rb:99:in `call'
    c:/Ruby/lib/ruby/gems/1.9.1/gems/actionpack-2.3.8/lib/action_controller/failsafe.rb:26:in `call'
    c:/Ruby/lib/ruby/gems/1.9.1/gems/rack-1.1.0/lib/rack/lock.rb:11:in `block in call'
    <internal:prelude>:8:in `synchronize'
    c:/Ruby/lib/ruby/gems/1.9.1/gems/rack-1.1.0/lib/rack/lock.rb:11:in `call'
    c:/Ruby/lib/ruby/gems/1.9.1/gems/actionpack-2.3.8/lib/action_controller/dispatcher.rb:114:in `block in call'
    c:/Ruby/lib/ruby/gems/1.9.1/gems/actionpack-2.3.8/lib/action_controller/reloader.rb:34:in `run'
    c:/Ruby/lib/ruby/gems/1.9.1/gems/actionpack-2.3.8/lib/action_controller/dispatcher.rb:108:in `call'
    c:/Ruby/lib/ruby/gems/1.9.1/gems/rails-2.3.8/lib/rails/rack/static.rb:31:in `call'
    c:/Ruby/lib/ruby/gems/1.9.1/gems/rack-1.1.0/lib/rack/urlmap.rb:47:in `block in call'
    c:/Ruby/lib/ruby/gems/1.9.1/gems/rack-1.1.0/lib/rack/urlmap.rb:41:in `each'
    c:/Ruby/lib/ruby/gems/1.9.1/gems/rack-1.1.0/lib/rack/urlmap.rb:41:in `call'
    c:/Ruby/lib/ruby/gems/1.9.1/gems/rails-2.3.8/lib/rails/rack/log_tailer.rb:17:in `call'
    c:/Ruby/lib/ruby/gems/1.9.1/gems/rack-1.1.0/lib/rack/content_length.rb:13:in `call'
    c:/Ruby/lib/ruby/gems/1.9.1/gems/rack-1.1.0/lib/rack/handler/webrick.rb:48:in `service'
    c:/Ruby/lib/ruby/1.9.1/webrick/httpserver.rb:111:in `service'
    c:/Ruby/lib/ruby/1.9.1/webrick/httpserver.rb:70:in `run'
    c:/Ruby/lib/ruby/1.9.1/webrick/server.rb:183:in `block in start_thread'
/!\ FAILSAFE /!\  2010-07-21 22:27:53 -0600
  Status: 500 Internal Server Error
  no such file to load -- sqlite3
    c:/Ruby/lib/ruby/gems/1.9.1/gems/activesupport-2.3.8/lib/active_support/dependencies.rb:156:in `require'
    c:/Ruby/lib/ruby/gems/1.9.1/gems/activesupport-2.3.8/lib/active_support/dependencies.rb:156:in `block in require'
    c:/Ruby/lib/ruby/gems/1.9.1/gems/activesupport-2.3.8/lib/active_support/dependencies.rb:521:in `new_constants_in'
    c:/Ruby/lib/ruby/gems/1.9.1/gems/activesupport-2.3.8/lib/active_support/dependencies.rb:156:in `require'
    c:/Ruby/lib/ruby/gems/1.9.1/gems/activesupport-2.3.8/lib/active_support/core_ext/kernel/requires.rb:7:in `block in require_library_or_gem'
    c:/Ruby/lib/ruby/gems/1.9.1/gems/activesupport-2.3.8/lib/active_support/core_ext/kernel/reporting.rb:11:in `silence_warnings'
    c:/Ruby/lib/ruby/gems/1.9.1/gems/activesupport-2.3.8/lib/active_support/core_ext/kernel/requires.rb:5:in `require_library_or_gem'
    c:/Ruby/lib/ruby/gems/1.9.1/gems/activerecord-2.3.8/lib/active_record/connection_adapters/sqlite3_adapter.rb:10:in `sqlite3_connection'
    c:/Ruby/lib/ruby/gems/1.9.1/gems/activerecord-2.3.8/lib/active_record/connection_adapters/abstract/connection_pool.rb:223:in `new_connection'
    c:/Ruby/lib/ruby/gems/1.9.1/gems/activerecord-2.3.8/lib/active_record/connection_adapters/abstract/connection_pool.rb:245:in `checkout_new_connection'
    c:/Ruby/lib/ruby/gems/1.9.1/gems/activerecord-2.3.8/lib/active_record/connection_adapters/abstract/connection_pool.rb:188:in `block (2 levels) in checkout'
    c:/Ruby/lib/ruby/gems/1.9.1/gems/activerecord-2.3.8/lib/active_record/connection_adapters/abstract/connection_pool.rb:184:in `loop'
    c:/Ruby/lib/ruby/gems/1.9.1/gems/activerecord-2.3.8/lib/active_record/connection_adapters/abstract/connection_pool.rb:184:in `block in checkout'
    c:/Ruby/lib/ruby/1.9.1/monitor.rb:190:in `mon_synchronize'
    c:/Ruby/lib/ruby/gems/1.9.1/gems/activerecord-2.3.8/lib/active_record/connection_adapters/abstract/connection_pool.rb:183:in `checkout'
    c:/Ruby/lib/ruby/gems/1.9.1/gems/activerecord-2.3.8/lib/active_record/connection_adapters/abstract/connection_pool.rb:98:in `connection'
    c:/Ruby/lib/ruby/gems/1.9.1/gems/activerecord-2.3.8/lib/active_record/connection_adapters/abstract/connection_pool.rb:326:in `retrieve_connection'
    c:/Ruby/lib/ruby/gems/1.9.1/gems/activerecord-2.3.8/lib/active_record/connection_adapters/abstract/connection_specification.rb:123:in `retrieve_connection'
    c:/Ruby/lib/ruby/gems/1.9.1/gems/activerecord-2.3.8/lib/active_record/connection_adapters/abstract/connection_specification.rb:115:in `connection'
    c:/Ruby/lib/ruby/gems/1.9.1/gems/activerecord-2.3.8/lib/active_record/query_cache.rb:9:in `cache'
    c:/Ruby/lib/ruby/gems/1.9.1/gems/activerecord-2.3.8/lib/active_record/query_cache.rb:28:in `call'
    c:/Ruby/lib/ruby/gems/1.9.1/gems/activerecord-2.3.8/lib/active_record/connection_adapters/abstract/connection_pool.rb:361:in `call'
    c:/Ruby/lib/ruby/gems/1.9.1/gems/warden-0.10.7/lib/warden/manager.rb:35:in `block in call'
    c:/Ruby/lib/ruby/gems/1.9.1/gems/warden-0.10.7/lib/warden/manager.rb:34:in `catch'
    c:/Ruby/lib/ruby/gems/1.9.1/gems/warden-0.10.7/lib/warden/manager.rb:34:in `call'
    c:/Ruby/lib/ruby/gems/1.9.1/gems/actionpack-2.3.8/lib/action_controller/string_coercion.rb:25:in `call'
    c:/Ruby/lib/ruby/gems/1.9.1/gems/rack-1.1.0/lib/rack/head.rb:9:in `call'
    c:/Ruby/lib/ruby/gems/1.9.1/gems/rack-1.1.0/lib/rack/methodoverride.rb:24:in `call'
    c:/Ruby/lib/ruby/gems/1.9.1/gems/actionpack-2.3.8/lib/action_controller/params_parser.rb:15:in `call'
    c:/Ruby/lib/ruby/gems/1.9.1/gems/actionpack-2.3.8/lib/action_controller/session/cookie_store.rb:99:in `call'
    c:/Ruby/lib/ruby/gems/1.9.1/gems/actionpack-2.3.8/lib/action_controller/failsafe.rb:26:in `call'
    c:/Ruby/lib/ruby/gems/1.9.1/gems/rack-1.1.0/lib/rack/lock.rb:11:in `block in call'
    <internal:prelude>:8:in `synchronize'
    c:/Ruby/lib/ruby/gems/1.9.1/gems/rack-1.1.0/lib/rack/lock.rb:11:in `call'
    c:/Ruby/lib/ruby/gems/1.9.1/gems/actionpack-2.3.8/lib/action_controller/dispatcher.rb:114:in `block in call'
    c:/Ruby/lib/ruby/gems/1.9.1/gems/actionpack-2.3.8/lib/action_controller/reloader.rb:34:in `run'
    c:/Ruby/lib/ruby/gems/1.9.1/gems/actionpack-2.3.8/lib/action_controller/dispatcher.rb:108:in `call'
    c:/Ruby/lib/ruby/gems/1.9.1/gems/rails-2.3.8/lib/rails/rack/static.rb:31:in `call'
    c:/Ruby/lib/ruby/gems/1.9.1/gems/rack-1.1.0/lib/rack/urlmap.rb:47:in `block in call'
    c:/Ruby/lib/ruby/gems/1.9.1/gems/rack-1.1.0/lib/rack/urlmap.rb:41:in `each'
    c:/Ruby/lib/ruby/gems/1.9.1/gems/rack-1.1.0/lib/rack/urlmap.rb:41:in `call'
    c:/Ruby/lib/ruby/gems/1.9.1/gems/rails-2.3.8/lib/rails/rack/log_tailer.rb:17:in `call'
    c:/Ruby/lib/ruby/gems/1.9.1/gems/rack-1.1.0/lib/rack/content_length.rb:13:in `call'
    c:/Ruby/lib/ruby/gems/1.9.1/gems/rack-1.1.0/lib/rack/handler/webrick.rb:48:in `service'
    c:/Ruby/lib/ruby/1.9.1/webrick/httpserver.rb:111:in `service'
    c:/Ruby/lib/ruby/1.9.1/webrick/httpserver.rb:70:in `run'
    c:/Ruby/lib/ruby/1.9.1/webrick/server.rb:183:in `block in start_thread'
/!\ FAILSAFE /!\  2010-07-21 22:27:53 -0600
  Status: 500 Internal Server Error
  no such file to load -- sqlite3
    c:/Ruby/lib/ruby/gems/1.9.1/gems/activesupport-2.3.8/lib/active_support/dependencies.rb:156:in `require'
    c:/Ruby/lib/ruby/gems/1.9.1/gems/activesupport-2.3.8/lib/active_support/dependencies.rb:156:in `block in require'
    c:/Ruby/lib/ruby/gems/1.9.1/gems/activesupport-2.3.8/lib/active_support/dependencies.rb:521:in `new_constants_in'
    c:/Ruby/lib/ruby/gems/1.9.1/gems/activesupport-2.3.8/lib/active_support/dependencies.rb:156:in `require'
    c:/Ruby/lib/ruby/gems/1.9.1/gems/activesupport-2.3.8/lib/active_support/core_ext/kernel/requires.rb:7:in `block in require_library_or_gem'
    c:/Ruby/lib/ruby/gems/1.9.1/gems/activesupport-2.3.8/lib/active_support/core_ext/kernel/reporting.rb:11:in `silence_warnings'
    c:/Ruby/lib/ruby/gems/1.9.1/gems/activesupport-2.3.8/lib/active_support/core_ext/kernel/requires.rb:5:in `require_library_or_gem'
    c:/Ruby/lib/ruby/gems/1.9.1/gems/activerecord-2.3.8/lib/active_record/connection_adapters/sqlite3_adapter.rb:10:in `sqlite3_connection'
    c:/Ruby/lib/ruby/gems/1.9.1/gems/activerecord-2.3.8/lib/active_record/connection_adapters/abstract/connection_pool.rb:223:in `new_connection'
    c:/Ruby/lib/ruby/gems/1.9.1/gems/activerecord-2.3.8/lib/active_record/connection_adapters/abstract/connection_pool.rb:245:in `checkout_new_connection'
    c:/Ruby/lib/ruby/gems/1.9.1/gems/activerecord-2.3.8/lib/active_record/connection_adapters/abstract/connection_pool.rb:188:in `block (2 levels) in checkout'
    c:/Ruby/lib/ruby/gems/1.9.1/gems/activerecord-2.3.8/lib/active_record/connection_adapters/abstract/connection_pool.rb:184:in `loop'
    c:/Ruby/lib/ruby/gems/1.9.1/gems/activerecord-2.3.8/lib/active_record/connection_adapters/abstract/connection_pool.rb:184:in `block in checkout'
    c:/Ruby/lib/ruby/1.9.1/monitor.rb:190:in `mon_synchronize'
    c:/Ruby/lib/ruby/gems/1.9.1/gems/activerecord-2.3.8/lib/active_record/connection_adapters/abstract/connection_pool.rb:183:in `checkout'
    c:/Ruby/lib/ruby/gems/1.9.1/gems/activerecord-2.3.8/lib/active_record/connection_adapters/abstract/connection_pool.rb:98:in `connection'
    c:/Ruby/lib/ruby/gems/1.9.1/gems/activerecord-2.3.8/lib/active_record/connection_adapters/abstract/connection_pool.rb:326:in `retrieve_connection'
    c:/Ruby/lib/ruby/gems/1.9.1/gems/activerecord-2.3.8/lib/active_record/connection_adapters/abstract/connection_specification.rb:123:in `retrieve_connection'
    c:/Ruby/lib/ruby/gems/1.9.1/gems/activerecord-2.3.8/lib/active_record/connection_adapters/abstract/connection_specification.rb:115:in `connection'
    c:/Ruby/lib/ruby/gems/1.9.1/gems/activerecord-2.3.8/lib/active_record/query_cache.rb:9:in `cache'
    c:/Ruby/lib/ruby/gems/1.9.1/gems/activerecord-2.3.8/lib/active_record/query_cache.rb:28:in `call'
    c:/Ruby/lib/ruby/gems/1.9.1/gems/activerecord-2.3.8/lib/active_record/connection_adapters/abstract/connection_pool.rb:361:in `call'
    c:/Ruby/lib/ruby/gems/1.9.1/gems/warden-0.10.7/lib/warden/manager.rb:35:in `block in call'
    c:/Ruby/lib/ruby/gems/1.9.1/gems/warden-0.10.7/lib/warden/manager.rb:34:in `catch'
    c:/Ruby/lib/ruby/gems/1.9.1/gems/warden-0.10.7/lib/warden/manager.rb:34:in `call'
    c:/Ruby/lib/ruby/gems/1.9.1/gems/actionpack-2.3.8/lib/action_controller/string_coercion.rb:25:in `call'
    c:/Ruby/lib/ruby/gems/1.9.1/gems/rack-1.1.0/lib/rack/head.rb:9:in `call'
    c:/Ruby/lib/ruby/gems/1.9.1/gems/rack-1.1.0/lib/rack/methodoverride.rb:24:in `call'
    c:/Ruby/lib/ruby/gems/1.9.1/gems/actionpack-2.3.8/lib/action_controller/params_parser.rb:15:in `call'
    c:/Ruby/lib/ruby/gems/1.9.1/gems/actionpack-2.3.8/lib/action_controller/session/cookie_store.rb:99:in `call'
    c:/Ruby/lib/ruby/gems/1.9.1/gems/actionpack-2.3.8/lib/action_controller/failsafe.rb:26:in `call'
    c:/Ruby/lib/ruby/gems/1.9.1/gems/rack-1.1.0/lib/rack/lock.rb:11:in `block in call'
    <internal:prelude>:8:in `synchronize'
    c:/Ruby/lib/ruby/gems/1.9.1/gems/rack-1.1.0/lib/rack/lock.rb:11:in `call'
    c:/Ruby/lib/ruby/gems/1.9.1/gems/actionpack-2.3.8/lib/action_controller/dispatcher.rb:114:in `block in call'
    c:/Ruby/lib/ruby/gems/1.9.1/gems/actionpack-2.3.8/lib/action_controller/reloader.rb:34:in `run'
    c:/Ruby/lib/ruby/gems/1.9.1/gems/actionpack-2.3.8/lib/action_controller/dispatcher.rb:108:in `call'
    c:/Ruby/lib/ruby/gems/1.9.1/gems/rails-2.3.8/lib/rails/rack/static.rb:31:in `call'
    c:/Ruby/lib/ruby/gems/1.9.1/gems/rack-1.1.0/lib/rack/urlmap.rb:47:in `block in call'
    c:/Ruby/lib/ruby/gems/1.9.1/gems/rack-1.1.0/lib/rack/urlmap.rb:41:in `each'
    c:/Ruby/lib/ruby/gems/1.9.1/gems/rack-1.1.0/lib/rack/urlmap.rb:41:in `call'
    c:/Ruby/lib/ruby/gems/1.9.1/gems/rails-2.3.8/lib/rails/rack/log_tailer.rb:17:in `call'
    c:/Ruby/lib/ruby/gems/1.9.1/gems/rack-1.1.0/lib/rack/content_length.rb:13:in `call'
    c:/Ruby/lib/ruby/gems/1.9.1/gems/rack-1.1.0/lib/rack/handler/webrick.rb:48:in `service'
    c:/Ruby/lib/ruby/1.9.1/webrick/httpserver.rb:111:in `service'
    c:/Ruby/lib/ruby/1.9.1/webrick/httpserver.rb:70:in `run'
    c:/Ruby/lib/ruby/1.9.1/webrick/server.rb:183:in `block in start_thread'
/!\ FAILSAFE /!\  2010-07-21 22:33:44 -0600
  Status: 500 Internal Server Error
  no such file to load -- sqlite3
    c:/Ruby/lib/ruby/gems/1.9.1/gems/activesupport-2.3.8/lib/active_support/dependencies.rb:156:in `require'
    c:/Ruby/lib/ruby/gems/1.9.1/gems/activesupport-2.3.8/lib/active_support/dependencies.rb:156:in `block in require'
    c:/Ruby/lib/ruby/gems/1.9.1/gems/activesupport-2.3.8/lib/active_support/dependencies.rb:521:in `new_constants_in'
    c:/Ruby/lib/ruby/gems/1.9.1/gems/activesupport-2.3.8/lib/active_support/dependencies.rb:156:in `require'
    c:/Ruby/lib/ruby/gems/1.9.1/gems/activesupport-2.3.8/lib/active_support/core_ext/kernel/requires.rb:7:in `block in require_library_or_gem'
    c:/Ruby/lib/ruby/gems/1.9.1/gems/activesupport-2.3.8/lib/active_support/core_ext/kernel/reporting.rb:11:in `silence_warnings'
    c:/Ruby/lib/ruby/gems/1.9.1/gems/activesupport-2.3.8/lib/active_support/core_ext/kernel/requires.rb:5:in `require_library_or_gem'
    c:/Ruby/lib/ruby/gems/1.9.1/gems/activerecord-2.3.8/lib/active_record/connection_adapters/sqlite3_adapter.rb:10:in `sqlite3_connection'
    c:/Ruby/lib/ruby/gems/1.9.1/gems/activerecord-2.3.8/lib/active_record/connection_adapters/abstract/connection_pool.rb:223:in `new_connection'
    c:/Ruby/lib/ruby/gems/1.9.1/gems/activerecord-2.3.8/lib/active_record/connection_adapters/abstract/connection_pool.rb:245:in `checkout_new_connection'
    c:/Ruby/lib/ruby/gems/1.9.1/gems/activerecord-2.3.8/lib/active_record/connection_adapters/abstract/connection_pool.rb:188:in `block (2 levels) in checkout'
    c:/Ruby/lib/ruby/gems/1.9.1/gems/activerecord-2.3.8/lib/active_record/connection_adapters/abstract/connection_pool.rb:184:in `loop'
    c:/Ruby/lib/ruby/gems/1.9.1/gems/activerecord-2.3.8/lib/active_record/connection_adapters/abstract/connection_pool.rb:184:in `block in checkout'
    c:/Ruby/lib/ruby/1.9.1/monitor.rb:190:in `mon_synchronize'
    c:/Ruby/lib/ruby/gems/1.9.1/gems/activerecord-2.3.8/lib/active_record/connection_adapters/abstract/connection_pool.rb:183:in `checkout'
    c:/Ruby/lib/ruby/gems/1.9.1/gems/activerecord-2.3.8/lib/active_record/connection_adapters/abstract/connection_pool.rb:98:in `connection'
    c:/Ruby/lib/ruby/gems/1.9.1/gems/activerecord-2.3.8/lib/active_record/connection_adapters/abstract/connection_pool.rb:326:in `retrieve_connection'
    c:/Ruby/lib/ruby/gems/1.9.1/gems/activerecord-2.3.8/lib/active_record/connection_adapters/abstract/connection_specification.rb:123:in `retrieve_connection'
    c:/Ruby/lib/ruby/gems/1.9.1/gems/activerecord-2.3.8/lib/active_record/connection_adapters/abstract/connection_specification.rb:115:in `connection'
    c:/Ruby/lib/ruby/gems/1.9.1/gems/activerecord-2.3.8/lib/active_record/query_cache.rb:9:in `cache'
    c:/Ruby/lib/ruby/gems/1.9.1/gems/activerecord-2.3.8/lib/active_record/query_cache.rb:28:in `call'
    c:/Ruby/lib/ruby/gems/1.9.1/gems/activerecord-2.3.8/lib/active_record/connection_adapters/abstract/connection_pool.rb:361:in `call'
    c:/Ruby/lib/ruby/gems/1.9.1/gems/warden-0.10.7/lib/warden/manager.rb:35:in `block in call'
    c:/Ruby/lib/ruby/gems/1.9.1/gems/warden-0.10.7/lib/warden/manager.rb:34:in `catch'
    c:/Ruby/lib/ruby/gems/1.9.1/gems/warden-0.10.7/lib/warden/manager.rb:34:in `call'
    c:/Ruby/lib/ruby/gems/1.9.1/gems/actionpack-2.3.8/lib/action_controller/string_coercion.rb:25:in `call'
    c:/Ruby/lib/ruby/gems/1.9.1/gems/rack-1.1.0/lib/rack/head.rb:9:in `call'
    c:/Ruby/lib/ruby/gems/1.9.1/gems/rack-1.1.0/lib/rack/methodoverride.rb:24:in `call'
    c:/Ruby/lib/ruby/gems/1.9.1/gems/actionpack-2.3.8/lib/action_controller/params_parser.rb:15:in `call'
    c:/Ruby/lib/ruby/gems/1.9.1/gems/actionpack-2.3.8/lib/action_controller/session/cookie_store.rb:99:in `call'
    c:/Ruby/lib/ruby/gems/1.9.1/gems/actionpack-2.3.8/lib/action_controller/failsafe.rb:26:in `call'
    c:/Ruby/lib/ruby/gems/1.9.1/gems/rack-1.1.0/lib/rack/lock.rb:11:in `block in call'
    <internal:prelude>:8:in `synchronize'
    c:/Ruby/lib/ruby/gems/1.9.1/gems/rack-1.1.0/lib/rack/lock.rb:11:in `call'
    c:/Ruby/lib/ruby/gems/1.9.1/gems/actionpack-2.3.8/lib/action_controller/dispatcher.rb:114:in `block in call'
    c:/Ruby/lib/ruby/gems/1.9.1/gems/actionpack-2.3.8/lib/action_controller/reloader.rb:34:in `run'
    c:/Ruby/lib/ruby/gems/1.9.1/gems/actionpack-2.3.8/lib/action_controller/dispatcher.rb:108:in `call'
    c:/Ruby/lib/ruby/gems/1.9.1/gems/rails-2.3.8/lib/rails/rack/static.rb:31:in `call'
    c:/Ruby/lib/ruby/gems/1.9.1/gems/rack-1.1.0/lib/rack/urlmap.rb:47:in `block in call'
    c:/Ruby/lib/ruby/gems/1.9.1/gems/rack-1.1.0/lib/rack/urlmap.rb:41:in `each'
    c:/Ruby/lib/ruby/gems/1.9.1/gems/rack-1.1.0/lib/rack/urlmap.rb:41:in `call'
    c:/Ruby/lib/ruby/gems/1.9.1/gems/rails-2.3.8/lib/rails/rack/log_tailer.rb:17:in `call'
    c:/Ruby/lib/ruby/gems/1.9.1/gems/rack-1.1.0/lib/rack/content_length.rb:13:in `call'
    c:/Ruby/lib/ruby/gems/1.9.1/gems/rack-1.1.0/lib/rack/handler/webrick.rb:48:in `service'
    c:/Ruby/lib/ruby/1.9.1/webrick/httpserver.rb:111:in `service'
    c:/Ruby/lib/ruby/1.9.1/webrick/httpserver.rb:70:in `run'
    c:/Ruby/lib/ruby/1.9.1/webrick/server.rb:183:in `block in start_thread'


Processing HomeController#index (for 127.0.0.1 at 2010-07-21 22:38:59) [GET]
Rendering template within layouts/application
Rendering home/index
Completed in 2110ms (View: 2110, DB: 0) | 200 OK [http://localhost/]
  [4;36;1mSQL (0.0ms)[0m   [0;1m SELECT name
 FROM sqlite_master
 WHERE type = 'table' AND NOT name = 'sqlite_sequence'
[0m
  [4;35;1mSQL (0.0ms)[0m   [0mselect sqlite_version(*)[0m
  [4;36;1mSQL (192.0ms)[0m   [0;1mCREATE TABLE "schema_migrations" ("version" varchar(255) NOT NULL) [0m
  [4;35;1mSQL (0.0ms)[0m   [0mPRAGMA index_list("schema_migrations")[0m
  [4;36;1mSQL (73.0ms)[0m   [0;1mCREATE UNIQUE INDEX "unique_schema_migrations" ON "schema_migrations" ("version")[0m
  [4;35;1mSQL (1.0ms)[0m   [0m SELECT name
 FROM sqlite_master
 WHERE type = 'table' AND NOT name = 'sqlite_sequence'
[0m
  [4;36;1mSQL (1.0ms)[0m   [0;1mSELECT version FROM schema_migrations[0m
Migrating to DeviseCreateUsers (20100722021412)
  [4;35;1mSQL (1.0ms)[0m   [0mCREATE TABLE "users" ("id" INTEGER PRIMARY KEY AUTOINCREMENT NOT NULL, "email" varchar(255) DEFAULT '' NOT NULL, "encrypted_password" varchar(128) DEFAULT '' NOT NULL, "password_salt" varchar(255) DEFAULT '' NOT NULL, "confirmation_token" varchar(255), "confirmed_at" datetime, "confirmation_sent_at" datetime, "reset_password_token" varchar(255), "remember_token" varchar(255), "remember_created_at" datetime, "sign_in_count" integer DEFAULT 0, "current_sign_in_at" datetime, "last_sign_in_at" datetime, "current_sign_in_ip" varchar(255), "last_sign_in_ip" varchar(255), "created_at" datetime, "updated_at" datetime) [0m
  [4;36;1mSQL (0.0ms)[0m   [0;1mPRAGMA index_list("users")[0m
  [4;35;1mSQL (1.0ms)[0m   [0mCREATE UNIQUE INDEX "index_users_on_email" ON "users" ("email")[0m
  [4;36;1mSQL (0.0ms)[0m   [0;1mPRAGMA index_list("users")[0m
  [4;35;1mSQL (0.0ms)[0m   [0mPRAGMA index_info('index_users_on_email')[0m
  [4;36;1mSQL (1.0ms)[0m   [0;1mCREATE UNIQUE INDEX "index_users_on_confirmation_token" ON "users" ("confirmation_token")[0m
  [4;35;1mSQL (0.0ms)[0m   [0mPRAGMA index_list("users")[0m
  [4;36;1mSQL (0.0ms)[0m   [0;1mPRAGMA index_info('index_users_on_confirmation_token')[0m
  [4;35;1mSQL (0.0ms)[0m   [0mPRAGMA index_info('index_users_on_email')[0m
  [4;36;1mSQL (0.0ms)[0m   [0;1mCREATE UNIQUE INDEX "index_users_on_reset_password_token" ON "users" ("reset_password_token")[0m
  [4;35;1mSQL (1.0ms)[0m   [0mINSERT INTO schema_migrations (version) VALUES ('20100722021412')[0m
  [4;36;1mSQL (1.0ms)[0m   [0;1m SELECT name
 FROM sqlite_master
 WHERE type = 'table' AND NOT name = 'sqlite_sequence'
[0m
  [4;35;1mSQL (0.0ms)[0m   [0mSELECT version FROM schema_migrations[0m
  [4;36;1mSQL (0.0ms)[0m   [0;1m SELECT name
 FROM sqlite_master
 WHERE type = 'table' AND NOT name = 'sqlite_sequence'
[0m
  [4;35;1mSQL (0.0ms)[0m   [0mPRAGMA index_list("users")[0m
  [4;36;1mSQL (0.0ms)[0m   [0;1mPRAGMA index_info('index_users_on_reset_password_token')[0m
  [4;35;1mSQL (0.0ms)[0m   [0mPRAGMA index_info('index_users_on_confirmation_token')[0m
  [4;36;1mSQL (0.0ms)[0m   [0;1mPRAGMA index_info('index_users_on_email')[0m


Processing ApplicationController#index (for 127.0.0.1 at 2010-07-21 22:46:53) [GET]

ActionController::RoutingError (No route matches "/user/login" with {:method=>:get}):
  warden (0.10.7) lib/warden/manager.rb:35:in `block in call'
  warden (0.10.7) lib/warden/manager.rb:34:in `catch'
  warden (0.10.7) lib/warden/manager.rb:34:in `call'
  <internal:prelude>:8:in `synchronize'
  c:/Ruby/lib/ruby/1.9.1/webrick/httpserver.rb:111:in `service'
  c:/Ruby/lib/ruby/1.9.1/webrick/httpserver.rb:70:in `run'
  c:/Ruby/lib/ruby/1.9.1/webrick/server.rb:183:in `block in start_thread'

Rendering rescues/layout (not_found)


Processing ApplicationController#index (for 127.0.0.1 at 2010-07-21 22:47:10) [GET]

ActionController::RoutingError (No route matches "/user/login" with {:method=>:get}):
  warden (0.10.7) lib/warden/manager.rb:35:in `block in call'
  warden (0.10.7) lib/warden/manager.rb:34:in `catch'
  warden (0.10.7) lib/warden/manager.rb:34:in `call'
  <internal:prelude>:8:in `synchronize'
  c:/Ruby/lib/ruby/1.9.1/webrick/httpserver.rb:111:in `service'
  c:/Ruby/lib/ruby/1.9.1/webrick/httpserver.rb:70:in `run'
  c:/Ruby/lib/ruby/1.9.1/webrick/server.rb:183:in `block in start_thread'

Rendering rescues/layout (not_found)


Processing ApplicationController#index (for 127.0.0.1 at 2010-07-21 22:47:11) [GET]

ActionController::RoutingError (No route matches "/user/login" with {:method=>:get}):
  warden (0.10.7) lib/warden/manager.rb:35:in `block in call'
  warden (0.10.7) lib/warden/manager.rb:34:in `catch'
  warden (0.10.7) lib/warden/manager.rb:34:in `call'
  <internal:prelude>:8:in `synchronize'
  c:/Ruby/lib/ruby/1.9.1/webrick/httpserver.rb:111:in `service'
  c:/Ruby/lib/ruby/1.9.1/webrick/httpserver.rb:70:in `run'
  c:/Ruby/lib/ruby/1.9.1/webrick/server.rb:183:in `block in start_thread'

Rendering rescues/layout (not_found)


Processing ApplicationController#index (for 127.0.0.1 at 2010-07-21 22:47:15) [GET]

ActionController::MethodNotAllowed (Only post, put, and delete requests are allowed.):
  warden (0.10.7) lib/warden/manager.rb:35:in `block in call'
  warden (0.10.7) lib/warden/manager.rb:34:in `catch'
  warden (0.10.7) lib/warden/manager.rb:34:in `call'
  <internal:prelude>:8:in `synchronize'
  c:/Ruby/lib/ruby/1.9.1/webrick/httpserver.rb:111:in `service'
  c:/Ruby/lib/ruby/1.9.1/webrick/httpserver.rb:70:in `run'
  c:/Ruby/lib/ruby/1.9.1/webrick/server.rb:183:in `block in start_thread'

Rendered rescues/_trace (40.0ms)
Rendered rescues/_request_and_response (1.0ms)
Rendering rescues/layout (method_not_allowed)


Processing ApplicationController#index (for 127.0.0.1 at 2010-07-21 22:48:00) [GET]

ActionController::RoutingError (No route matches "/user/new" with {:method=>:get}):
  warden (0.10.7) lib/warden/manager.rb:35:in `block in call'
  warden (0.10.7) lib/warden/manager.rb:34:in `catch'
  warden (0.10.7) lib/warden/manager.rb:34:in `call'
  <internal:prelude>:8:in `synchronize'
  c:/Ruby/lib/ruby/1.9.1/webrick/httpserver.rb:111:in `service'
  c:/Ruby/lib/ruby/1.9.1/webrick/httpserver.rb:70:in `run'
  c:/Ruby/lib/ruby/1.9.1/webrick/server.rb:183:in `block in start_thread'

Rendering rescues/layout (not_found)


Processing ApplicationController#index (for 127.0.0.1 at 2010-07-21 22:48:04) [GET]

ActionController::RoutingError (No route matches "/users/new" with {:method=>:get}):
  warden (0.10.7) lib/warden/manager.rb:35:in `block in call'
  warden (0.10.7) lib/warden/manager.rb:34:in `catch'
  warden (0.10.7) lib/warden/manager.rb:34:in `call'
  <internal:prelude>:8:in `synchronize'
  c:/Ruby/lib/ruby/1.9.1/webrick/httpserver.rb:111:in `service'
  c:/Ruby/lib/ruby/1.9.1/webrick/httpserver.rb:70:in `run'
  c:/Ruby/lib/ruby/1.9.1/webrick/server.rb:183:in `block in start_thread'

Rendering rescues/layout (not_found)


Processing ApplicationController#index (for 127.0.0.1 at 2010-07-21 22:50:52) [GET]

ActionController::RoutingError (No route matches "/acount/new" with {:method=>:get}):
  warden (0.10.7) lib/warden/manager.rb:35:in `block in call'
  warden (0.10.7) lib/warden/manager.rb:34:in `catch'
  warden (0.10.7) lib/warden/manager.rb:34:in `call'
  <internal:prelude>:8:in `synchronize'
  c:/Ruby/lib/ruby/1.9.1/webrick/httpserver.rb:111:in `service'
  c:/Ruby/lib/ruby/1.9.1/webrick/httpserver.rb:70:in `run'
  c:/Ruby/lib/ruby/1.9.1/webrick/server.rb:183:in `block in start_thread'

Rendering rescues/layout (not_found)


Processing ApplicationController#index (for 127.0.0.1 at 2010-07-21 22:52:08) [GET]

ActionController::RoutingError (No route matches "/users/new" with {:method=>:get}):
  warden (0.10.7) lib/warden/manager.rb:35:in `block in call'
  warden (0.10.7) lib/warden/manager.rb:34:in `catch'
  warden (0.10.7) lib/warden/manager.rb:34:in `call'
  <internal:prelude>:8:in `synchronize'
  c:/Ruby/lib/ruby/1.9.1/webrick/httpserver.rb:111:in `service'
  c:/Ruby/lib/ruby/1.9.1/webrick/httpserver.rb:70:in `run'
  c:/Ruby/lib/ruby/1.9.1/webrick/server.rb:183:in `block in start_thread'

Rendering rescues/layout (not_found)


Processing ApplicationController#index (for 127.0.0.1 at 2010-07-21 22:52:13) [GET]

ActionController::RoutingError (No route matches "/user/new" with {:method=>:get}):
  warden (0.10.7) lib/warden/manager.rb:35:in `block in call'
  warden (0.10.7) lib/warden/manager.rb:34:in `catch'
  warden (0.10.7) lib/warden/manager.rb:34:in `call'
  <internal:prelude>:8:in `synchronize'
  c:/Ruby/lib/ruby/1.9.1/webrick/httpserver.rb:111:in `service'
  c:/Ruby/lib/ruby/1.9.1/webrick/httpserver.rb:70:in `run'
  c:/Ruby/lib/ruby/1.9.1/webrick/server.rb:183:in `block in start_thread'

Rendering rescues/layout (not_found)


Processing ApplicationController#index (for 127.0.0.1 at 2010-07-21 22:53:46) [GET]

ActionController::RoutingError (No route matches "/users/sing_p" with {:method=>:get}):
  warden (0.10.7) lib/warden/manager.rb:35:in `block in call'
  warden (0.10.7) lib/warden/manager.rb:34:in `catch'
  warden (0.10.7) lib/warden/manager.rb:34:in `call'
  <internal:prelude>:8:in `synchronize'
  c:/Ruby/lib/ruby/1.9.1/webrick/httpserver.rb:111:in `service'
  c:/Ruby/lib/ruby/1.9.1/webrick/httpserver.rb:70:in `run'
  c:/Ruby/lib/ruby/1.9.1/webrick/server.rb:183:in `block in start_thread'

Rendering rescues/layout (not_found)


Processing ApplicationController#index (for 127.0.0.1 at 2010-07-21 22:53:50) [GET]

ActionController::RoutingError (No route matches "/users/sing_up" with {:method=>:get}):
  warden (0.10.7) lib/warden/manager.rb:35:in `block in call'
  warden (0.10.7) lib/warden/manager.rb:34:in `catch'
  warden (0.10.7) lib/warden/manager.rb:34:in `call'
  <internal:prelude>:8:in `synchronize'
  c:/Ruby/lib/ruby/1.9.1/webrick/httpserver.rb:111:in `service'
  c:/Ruby/lib/ruby/1.9.1/webrick/httpserver.rb:70:in `run'
  c:/Ruby/lib/ruby/1.9.1/webrick/server.rb:183:in `block in start_thread'

Rendering rescues/layout (not_found)


Processing RegistrationsController#new (for 127.0.0.1 at 2010-07-21 22:54:23) [GET]
Rendering template within layouts/application
Rendering registrations/new
Rendered shared/_devise_links (3.0ms)
Completed in 2623ms (View: 2612, DB: 0) | 200 OK [http://localhost/users/sign_up]


Processing RegistrationsController#new (for 127.0.0.1 at 2010-07-21 22:57:46) [GET]
Rendering template within layouts/application
Rendering registrations/new
Rendered shared/_devise_links (1.0ms)

ActionView::TemplateError (undefined method `link_to_login_with_IP' for #<ActionView::Base:0x595dd40>) on line #5 of app/views/users/_user_bar.html.erb:
2:   <div id="user-bar-greeting">Logged in as <%= link_to_current_user :content_method => :login %></div>
3:   <div id="user-bar-action"  >(<%= link_to "Log out", logout_path, { :title => "Log out" }    %>)</div>
4: <% else -%>
5:   <div id="user-bar-greeting"><%= link_to_login_with_IP 'Not logged in', :style => 'border: none;' %></div>
6:   <div id="user-bar-action"  ><%= link_to "Log in",  login_path,  { :title => "Log in" } %> /
7:                                <%= link_to "Sign up", signup_path, { :title => "Create an account" } %></div>
8: <% end -%>

    app/views/users/_user_bar.html.erb:5
    app/views/layouts/application.html.erb:12
    devise (1.0.8) lib/devise/controllers/internal_helpers.rb:123:in `render_with_scope'
    devise (1.0.8) app/controllers/registrations_controller.rb:9:in `new'
    warden (0.10.7) lib/warden/manager.rb:35:in `block in call'
    warden (0.10.7) lib/warden/manager.rb:34:in `catch'
    warden (0.10.7) lib/warden/manager.rb:34:in `call'
    <internal:prelude>:8:in `synchronize'
    c:/Ruby/lib/ruby/1.9.1/webrick/httpserver.rb:111:in `service'
    c:/Ruby/lib/ruby/1.9.1/webrick/httpserver.rb:70:in `run'
    c:/Ruby/lib/ruby/1.9.1/webrick/server.rb:183:in `block in start_thread'

Rendered rescues/_trace (87.0ms)
Rendered rescues/_request_and_response (1.0ms)
Rendering rescues/layout (internal_server_error)


Processing RegistrationsController#new (for 127.0.0.1 at 2010-07-21 22:58:38) [GET]
Rendering template within layouts/application
Rendering registrations/new
Rendered shared/_devise_links (0.0ms)

ActionView::TemplateError (undefined local variable or method `login_path' for #<ActionView::Base:0x5a58ac0>) on line #5 of app/views/users/_user_bar.html.erb:
2:   <div id="user-bar-greeting">Logged in as <%= link_to_current_user :content_method => :login %></div>
3:   <div id="user-bar-action"  >(<%= link_to "Log out", logout_path, { :title => "Log out" }    %>)</div>
4: <% else -%>
5:   <div id="user-bar-action"  ><%= link_to "Log in",  login_path,  { :title => "Log in" } %> /
6:                                <%= link_to "Sign up", signup_path, { :title => "Create an account" } %></div>
7: <% end -%>

    app/views/users/_user_bar.html.erb:5
    app/views/layouts/application.html.erb:12
    devise (1.0.8) lib/devise/controllers/internal_helpers.rb:123:in `render_with_scope'
    devise (1.0.8) app/controllers/registrations_controller.rb:9:in `new'
    warden (0.10.7) lib/warden/manager.rb:35:in `block in call'
    warden (0.10.7) lib/warden/manager.rb:34:in `catch'
    warden (0.10.7) lib/warden/manager.rb:34:in `call'
    <internal:prelude>:8:in `synchronize'
    c:/Ruby/lib/ruby/1.9.1/webrick/httpserver.rb:111:in `service'
    c:/Ruby/lib/ruby/1.9.1/webrick/httpserver.rb:70:in `run'
    c:/Ruby/lib/ruby/1.9.1/webrick/server.rb:183:in `block in start_thread'

Rendered rescues/_trace (75.0ms)
Rendered rescues/_request_and_response (0.0ms)
Rendering rescues/layout (internal_server_error)


Processing RegistrationsController#new (for 127.0.0.1 at 2010-07-21 23:02:03) [GET]
Rendering template within layouts/application
Rendering registrations/new
Rendered shared/_devise_links (0.0ms)
Rendered users/_user_bar (1.0ms)
Completed in 66ms (View: 54, DB: 0) | 200 OK [http://localhost/users/sign_up]


Processing SessionsController#new (for 127.0.0.1 at 2010-07-21 23:02:05) [GET]
Rendering template within layouts/application
Rendering sessions/new
Rendered shared/_devise_links (0.0ms)
Rendered users/_user_bar (0.0ms)
Completed in 33ms (View: 23, DB: 0) | 200 OK [http://localhost/users/sign_in]


Processing RegistrationsController#new (for 127.0.0.1 at 2010-07-21 23:02:06) [GET]
Rendering template within layouts/application
Rendering registrations/new
Rendered shared/_devise_links (1.0ms)
Rendered users/_user_bar (0.0ms)
Completed in 27ms (View: 19, DB: 0) | 200 OK [http://localhost/users/sign_up]


Processing RegistrationsController#create (for 127.0.0.1 at 2010-07-21 23:02:10) [POST]
  Parameters: {"authenticity_token"=>"Qp/8bqI0ReWm95PUsbL5O2ooQX1gmXhTmlVtCQnlP+c=", "user"=>{"email"=>"kayakyakr", "password"=>"celivette", "password_confirmation"=>"celivette"}, "commit"=>"Sign up"}
  [4;36;1mUser Load (1.0ms)[0m   [0;1mSELECT "users".id FROM "users" WHERE ("users"."email" = 'kayakyakr') LIMIT 1[0m
Rendering template within layouts/application
Rendering registrations/new
Rendered shared/_devise_links (0.0ms)
Rendered users/_user_bar (0.0ms)
Completed in 96ms (View: 15, DB: 1) | 200 OK [http://localhost/users]


Processing RegistrationsController#create (for 127.0.0.1 at 2010-07-21 23:02:21) [POST]
  Parameters: {"authenticity_token"=>"Qp/8bqI0ReWm95PUsbL5O2ooQX1gmXhTmlVtCQnlP+c=", "user"=>{"email"=>"kayakyakr@gmail.com", "password"=>"celivette", "password_confirmation"=>"celivette"}, "commit"=>"Sign up"}
  [4;35;1mUser Load (0.0ms)[0m   [0mSELECT "users".id FROM "users" WHERE ("users"."email" = 'kayakyakr@gmail.com') LIMIT 1[0m
  [4;36;1mUser Create (4.0ms)[0m   [0;1mINSERT INTO "users" ("email", "encrypted_password", "password_salt", "confirmation_token", "confirmed_at", "confirmation_sent_at", "reset_password_token", "remember_token", "remember_created_at", "sign_in_count", "current_sign_in_at", "last_sign_in_at", "current_sign_in_ip", "last_sign_in_ip", "created_at", "updated_at") VALUES('kayakyakr@gmail.com', 'f562eb25d48125a8b5a93a8cab3bef914fc83de6', 'cO44pkRP16vux-x5IRq3', NULL, NULL, NULL, NULL, NULL, NULL, 0, NULL, NULL, NULL, NULL, '2010-07-22 04:02:21', '2010-07-22 04:02:21')[0m
  [4;35;1mUser Update (2.0ms)[0m   [0mUPDATE "users" SET "last_sign_in_at" = '2010-07-22 04:02:21', "current_sign_in_at" = '2010-07-22 04:02:21', "last_sign_in_ip" = '127.0.0.1', "current_sign_in_ip" = '127.0.0.1', "sign_in_count" = 1, "updated_at" = '2010-07-22 04:02:21' WHERE "id" = 1[0m
Redirected to http://localhost:3000/
Completed in 271ms (DB: 6) | 302 Found [http://localhost/users]


Processing HomeController#index (for 127.0.0.1 at 2010-07-21 23:02:21) [GET]
Rendering template within layouts/application
Rendering home/index
  [4;36;1mUser Load (1.0ms)[0m   [0;1mSELECT * FROM "users" WHERE ("users"."id" = 1) LIMIT 1[0m
  [4;35;1mSQL (1.0ms)[0m   [0m SELECT name
 FROM sqlite_master
 WHERE type = 'table' AND NOT name = 'sqlite_sequence'
[0m
  [4;36;1mSQL (1.0ms)[0m   [0;1m SELECT name
 FROM sqlite_master
 WHERE type = 'table' AND NOT name = 'sqlite_sequence'
[0m
  [4;35;1mSQL (0.0ms)[0m   [0m SELECT name
 FROM sqlite_master
 WHERE type = 'table' AND NOT name = 'sqlite_sequence'
[0m
  [4;36;1mSQL (1.0ms)[0m   [0;1m SELECT name
 FROM sqlite_master
 WHERE type = 'table' AND NOT name = 'sqlite_sequence'
[0m
  [4;35;1mSQL (1.0ms)[0m   [0m SELECT name
 FROM sqlite_master
 WHERE type = 'table' AND NOT name = 'sqlite_sequence'
[0m
  [4;36;1mSQL (0.0ms)[0m   [0;1m SELECT name
 FROM sqlite_master
 WHERE type = 'table' AND NOT name = 'sqlite_sequence'
[0m
  [4;35;1mSQL (0.0ms)[0m   [0m SELECT name
 FROM sqlite_master
 WHERE type = 'table' AND NOT name = 'sqlite_sequence'
[0m
  [4;36;1mSQL (1.0ms)[0m   [0;1m SELECT name
 FROM sqlite_master
 WHERE type = 'table' AND NOT name = 'sqlite_sequence'
[0m
  [4;35;1mSQL (0.0ms)[0m   [0m SELECT name
 FROM sqlite_master
 WHERE type = 'table' AND NOT name = 'sqlite_sequence'
[0m

ActionView::TemplateError (undefined method `link_to_current_user' for #<ActionView::Base:0x37b2340>) on line #2 of app/views/users/_user_bar.html.erb:
1: <% if user_signed_in? -%>
2:   <div id="user-bar-greeting">Logged in as <%= link_to_current_user :content_method => :login %></div>
3:   <div id="user-bar-action"  >(<%= link_to "Log out", destroy_user_session_path, { :title => "Log out" }    %>)</div>
4: <% else -%>
5:   <div id="user-bar-action"  ><%= link_to "Log in",  new_user_session_path,  { :title => "Log in" } %> /

    app/views/users/_user_bar.html.erb:2
    app/views/layouts/application.html.erb:12
    warden (0.10.7) lib/warden/manager.rb:35:in `block in call'
    warden (0.10.7) lib/warden/manager.rb:34:in `catch'
    warden (0.10.7) lib/warden/manager.rb:34:in `call'
    <internal:prelude>:8:in `synchronize'
    c:/Ruby/lib/ruby/1.9.1/webrick/httpserver.rb:111:in `service'
    c:/Ruby/lib/ruby/1.9.1/webrick/httpserver.rb:70:in `run'
    c:/Ruby/lib/ruby/1.9.1/webrick/server.rb:183:in `block in start_thread'

Rendered rescues/_trace (94.0ms)
Rendered rescues/_request_and_response (1.0ms)
Rendering rescues/layout (internal_server_error)


Processing HomeController#index (for 127.0.0.1 at 2010-07-21 23:03:29) [GET]
Rendering template within layouts/application
Rendering home/index
  [4;36;1mUser Load (1.0ms)[0m   [0;1mSELECT * FROM "users" WHERE ("users"."id" = 1) LIMIT 1[0m
  [4;35;1mSQL (0.0ms)[0m   [0m SELECT name
 FROM sqlite_master
 WHERE type = 'table' AND NOT name = 'sqlite_sequence'
[0m
  [4;36;1mSQL (0.0ms)[0m   [0;1m SELECT name
 FROM sqlite_master
 WHERE type = 'table' AND NOT name = 'sqlite_sequence'
[0m
  [4;35;1mSQL (0.0ms)[0m   [0m SELECT name
 FROM sqlite_master
 WHERE type = 'table' AND NOT name = 'sqlite_sequence'
[0m
  [4;36;1mSQL (0.0ms)[0m   [0;1m SELECT name
 FROM sqlite_master
 WHERE type = 'table' AND NOT name = 'sqlite_sequence'
[0m
  [4;35;1mSQL (0.0ms)[0m   [0m SELECT name
 FROM sqlite_master
 WHERE type = 'table' AND NOT name = 'sqlite_sequence'
[0m
  [4;36;1mSQL (0.0ms)[0m   [0;1m SELECT name
 FROM sqlite_master
 WHERE type = 'table' AND NOT name = 'sqlite_sequence'
[0m
  [4;35;1mSQL (0.0ms)[0m   [0m SELECT name
 FROM sqlite_master
 WHERE type = 'table' AND NOT name = 'sqlite_sequence'
[0m
  [4;36;1mSQL (0.0ms)[0m   [0;1m SELECT name
 FROM sqlite_master
 WHERE type = 'table' AND NOT name = 'sqlite_sequence'
[0m
  [4;35;1mSQL (0.0ms)[0m   [0m SELECT name
 FROM sqlite_master
 WHERE type = 'table' AND NOT name = 'sqlite_sequence'
[0m

ActionView::TemplateError (undefined method `current_uesr' for #<ActionView::Base:0x3db75e0>) on line #2 of app/views/users/_user_bar.html.erb:
1: <% if user_signed_in? -%>
2:   <div id="user-bar-greeting">Logged in as <%= link_to current_uesr :content_method => :login %></div>
3:   <div id="user-bar-action"  >(<%= link_to "Log out", destroy_user_session_path, { :title => "Log out" }    %>)</div>
4: <% else -%>
5:   <div id="user-bar-action"  ><%= link_to "Log in",  new_user_session_path,  { :title => "Log in" } %> /

    app/views/users/_user_bar.html.erb:2
    app/views/layouts/application.html.erb:12
    warden (0.10.7) lib/warden/manager.rb:35:in `block in call'
    warden (0.10.7) lib/warden/manager.rb:34:in `catch'
    warden (0.10.7) lib/warden/manager.rb:34:in `call'
    <internal:prelude>:8:in `synchronize'
    c:/Ruby/lib/ruby/1.9.1/webrick/httpserver.rb:111:in `service'
    c:/Ruby/lib/ruby/1.9.1/webrick/httpserver.rb:70:in `run'
    c:/Ruby/lib/ruby/1.9.1/webrick/server.rb:183:in `block in start_thread'

Rendered rescues/_trace (74.0ms)
Rendered rescues/_request_and_response (1.0ms)
Rendering rescues/layout (internal_server_error)


Processing HomeController#index (for 127.0.0.1 at 2010-07-21 23:03:49) [GET]
Rendering template within layouts/application
Rendering home/index
  [4;36;1mUser Load (1.0ms)[0m   [0;1mSELECT * FROM "users" WHERE ("users"."id" = 1) LIMIT 1[0m
  [4;35;1mSQL (1.0ms)[0m   [0m SELECT name
 FROM sqlite_master
 WHERE type = 'table' AND NOT name = 'sqlite_sequence'
[0m
  [4;36;1mSQL (1.0ms)[0m   [0;1m SELECT name
 FROM sqlite_master
 WHERE type = 'table' AND NOT name = 'sqlite_sequence'
[0m
  [4;35;1mSQL (0.0ms)[0m   [0m SELECT name
 FROM sqlite_master
 WHERE type = 'table' AND NOT name = 'sqlite_sequence'
[0m
  [4;36;1mSQL (1.0ms)[0m   [0;1m SELECT name
 FROM sqlite_master
 WHERE type = 'table' AND NOT name = 'sqlite_sequence'
[0m
  [4;35;1mSQL (1.0ms)[0m   [0m SELECT name
 FROM sqlite_master
 WHERE type = 'table' AND NOT name = 'sqlite_sequence'
[0m
  [4;36;1mSQL (0.0ms)[0m   [0;1m SELECT name
 FROM sqlite_master
 WHERE type = 'table' AND NOT name = 'sqlite_sequence'
[0m
  [4;35;1mSQL (0.0ms)[0m   [0m SELECT name
 FROM sqlite_master
 WHERE type = 'table' AND NOT name = 'sqlite_sequence'
[0m
  [4;36;1mSQL (0.0ms)[0m   [0;1m SELECT name
 FROM sqlite_master
 WHERE type = 'table' AND NOT name = 'sqlite_sequence'
[0m
  [4;35;1mSQL (0.0ms)[0m   [0m SELECT name
 FROM sqlite_master
 WHERE type = 'table' AND NOT name = 'sqlite_sequence'
[0m

ActionView::TemplateError (undefined local variable or method `current_uesr' for #<ActionView::Base:0x41625a0>) on line #2 of app/views/users/_user_bar.html.erb:
1: <% if user_signed_in? -%>
2:   <div id="user-bar-greeting">Logged in as <%= link_to current_uesr.email :content_method => :login %></div>
3:   <div id="user-bar-action"  >(<%= link_to "Log out", destroy_user_session_path, { :title => "Log out" }    %>)</div>
4: <% else -%>
5:   <div id="user-bar-action"  ><%= link_to "Log in",  new_user_session_path,  { :title => "Log in" } %> /

    app/views/users/_user_bar.html.erb:2
    app/views/layouts/application.html.erb:12
    warden (0.10.7) lib/warden/manager.rb:35:in `block in call'
    warden (0.10.7) lib/warden/manager.rb:34:in `catch'
    warden (0.10.7) lib/warden/manager.rb:34:in `call'
    <internal:prelude>:8:in `synchronize'
    c:/Ruby/lib/ruby/1.9.1/webrick/httpserver.rb:111:in `service'
    c:/Ruby/lib/ruby/1.9.1/webrick/httpserver.rb:70:in `run'
    c:/Ruby/lib/ruby/1.9.1/webrick/server.rb:183:in `block in start_thread'

Rendered rescues/_trace (104.0ms)
Rendered rescues/_request_and_response (0.0ms)
Rendering rescues/layout (internal_server_error)


Processing HomeController#index (for 127.0.0.1 at 2010-07-21 23:04:17) [GET]
Rendering template within layouts/application
Rendering home/index
  [4;36;1mUser Load (1.0ms)[0m   [0;1mSELECT * FROM "users" WHERE ("users"."id" = 1) LIMIT 1[0m

ActionView::TemplateError (wrong number of arguments (1 for 0)) on line #2 of app/views/users/_user_bar.html.erb:
1: <% if user_signed_in? -%>
2:   <div id="user-bar-greeting">Logged in as <%= link_to current_user.email :content_method => :login %></div>
3:   <div id="user-bar-action"  >(<%= link_to "Log out", destroy_user_session_path, { :title => "Log out" }    %>)</div>
4: <% else -%>
5:   <div id="user-bar-action"  ><%= link_to "Log in",  new_user_session_path,  { :title => "Log in" } %> /

    app/views/users/_user_bar.html.erb:2
    app/views/layouts/application.html.erb:12
    warden (0.10.7) lib/warden/manager.rb:35:in `block in call'
    warden (0.10.7) lib/warden/manager.rb:34:in `catch'
    warden (0.10.7) lib/warden/manager.rb:34:in `call'
    <internal:prelude>:8:in `synchronize'
    c:/Ruby/lib/ruby/1.9.1/webrick/httpserver.rb:111:in `service'
    c:/Ruby/lib/ruby/1.9.1/webrick/httpserver.rb:70:in `run'
    c:/Ruby/lib/ruby/1.9.1/webrick/server.rb:183:in `block in start_thread'

Rendered rescues/_trace (129.0ms)
Rendered rescues/_request_and_response (0.0ms)
Rendering rescues/layout (internal_server_error)


Processing HomeController#index (for 127.0.0.1 at 2010-07-21 23:04:38) [GET]
Rendering template within layouts/application
Rendering home/index
  [4;35;1mUser Load (1.0ms)[0m   [0mSELECT * FROM "users" WHERE ("users"."id" = 1) LIMIT 1[0m
Rendered users/_user_bar (9.0ms)
Completed in 22ms (View: 19, DB: 1) | 200 OK [http://localhost/]


Processing HomeController#index (for 127.0.0.1 at 2010-07-21 23:04:44) [GET]
  Parameters: {"content_method"=>"login"}
Rendering template within layouts/application
Rendering home/index
  [4;36;1mUser Load (0.0ms)[0m   [0;1mSELECT * FROM "users" WHERE ("users"."id" = 1) LIMIT 1[0m
Rendered users/_user_bar (13.0ms)
Completed in 22ms (View: 20, DB: 0) | 200 OK [http://localhost/?content_method=login]


Processing SessionsController#destroy (for 127.0.0.1 at 2010-07-21 23:04:47) [GET]
  [4;35;1mUser Load (1.0ms)[0m   [0mSELECT * FROM "users" WHERE ("users"."id" = 1) LIMIT 1[0m
  [4;36;1mSQL (1.0ms)[0m   [0;1m SELECT name
 FROM sqlite_master
 WHERE type = 'table' AND NOT name = 'sqlite_sequence'
[0m
Redirected to http://localhost:3000/
Completed in 24ms (DB: 2) | 302 Found [http://localhost/users/sign_out]


Processing HomeController#index (for 127.0.0.1 at 2010-07-21 23:04:47) [GET]
Rendering template within layouts/application
Rendering home/index
Rendered users/_user_bar (1.0ms)
Completed in 6ms (View: 5, DB: 0) | 200 OK [http://localhost/]


Processing SessionsController#new (for 127.0.0.1 at 2010-07-21 23:04:48) [GET]
Rendering template within layouts/application
Rendering sessions/new
Rendered shared/_devise_links (0.0ms)
Rendered users/_user_bar (1.0ms)
Completed in 54ms (View: 45, DB: 0) | 200 OK [http://localhost/users/sign_in]


Processing SessionsController#create (for 127.0.0.1 at 2010-07-21 23:04:50) [POST]
  Parameters: {"authenticity_token"=>"Qp/8bqI0ReWm95PUsbL5O2ooQX1gmXhTmlVtCQnlP+c=", "user"=>{"email"=>"kayakyakr", "password"=>"celivette", "remember_me"=>"0"}, "commit"=>"Sign in"}
  [4;35;1mUser Load (1.0ms)[0m   [0mSELECT * FROM "users" WHERE ("users"."email" = 'kayakyakr') LIMIT 1[0m
WARNING: Can't mass-assign these protected attributes: remember_me
Rendering template within layouts/application
Rendering sessions/new
Rendered shared/_devise_links (0.0ms)
Rendered users/_user_bar (0.0ms)
Completed in 26ms (View: 6, DB: 1) | 200 OK [http://localhost/users/sign_in]


Processing SessionsController#create (for 127.0.0.1 at 2010-07-21 23:04:57) [POST]
  Parameters: {"authenticity_token"=>"Qp/8bqI0ReWm95PUsbL5O2ooQX1gmXhTmlVtCQnlP+c=", "user"=>{"email"=>"kayakyakr@gmail.com", "password"=>"celivette", "remember_me"=>"1"}, "commit"=>"Sign in"}
  [4;36;1mUser Load (1.0ms)[0m   [0;1mSELECT * FROM "users" WHERE ("users"."email" = 'kayakyakr@gmail.com') LIMIT 1[0m
  [4;35;1mUser Update (2.0ms)[0m   [0mUPDATE "users" SET "remember_token" = 'A0jCWEw7bR3P1gcek8rH', "remember_created_at" = '2010-07-22 04:04:57', "updated_at" = '2010-07-22 04:04:57' WHERE "id" = 1[0m
  [4;36;1mUser Update (2.0ms)[0m   [0;1mUPDATE "users" SET "current_sign_in_at" = '2010-07-22 04:04:57', "sign_in_count" = 2, "updated_at" = '2010-07-22 04:04:57' WHERE "id" = 1[0m
Redirected to http://localhost:3000/
Completed in 160ms (DB: 5) | 302 Found [http://localhost/users/sign_in]


Processing HomeController#index (for 127.0.0.1 at 2010-07-21 23:04:57) [GET]
Rendering template within layouts/application
Rendering home/index
  [4;35;1mUser Load (0.0ms)[0m   [0mSELECT * FROM "users" WHERE ("users"."id" = 1) LIMIT 1[0m
Rendered users/_user_bar (8.0ms)
Completed in 12ms (View: 10, DB: 0) | 200 OK [http://localhost/]


Processing HomeController#index (for 127.0.0.1 at 2010-07-21 23:05:18) [GET]
Rendering template within layouts/application
Rendering home/index
  [4;36;1mUser Load (1.0ms)[0m   [0;1mSELECT * FROM "users" WHERE ("users"."id" = 1) LIMIT 1[0m
Rendered users/_user_bar (15.0ms)
Completed in 26ms (View: 24, DB: 1) | 200 OK [http://localhost/]
  [4;36;1mSQL (1.0ms)[0m   [0;1m SELECT name
 FROM sqlite_master
 WHERE type = 'table' AND NOT name = 'sqlite_sequence'
[0m
  [4;35;1mSQL (0.0ms)[0m   [0mSELECT version FROM schema_migrations[0m
Migrating to DeviseCreateUsers (20100722021412)
  [4;36;1mSQL (0.0ms)[0m   [0;1mselect sqlite_version(*)[0m
  [4;35;1mSQL (0.0ms)[0m   [0m SELECT name
 FROM sqlite_master
 WHERE type = 'table' AND NOT name = 'sqlite_sequence'
[0m
  [4;36;1mSQL (0.0ms)[0m   [0;1mSELECT version FROM schema_migrations[0m
  [4;35;1mSQL (0.0ms)[0m   [0m SELECT name
 FROM sqlite_master
 WHERE type = 'table' AND NOT name = 'sqlite_sequence'
[0m
  [4;36;1mSQL (0.0ms)[0m   [0;1mPRAGMA index_list("users")[0m
  [4;35;1mSQL (0.0ms)[0m   [0mPRAGMA index_info('index_users_on_reset_password_token')[0m
  [4;36;1mSQL (0.0ms)[0m   [0;1mPRAGMA index_info('index_users_on_confirmation_token')[0m
  [4;35;1mSQL (0.0ms)[0m   [0mPRAGMA index_info('index_users_on_email')[0m
  [4;36;1mSQL (1.0ms)[0m   [0;1m SELECT name
 FROM sqlite_master
 WHERE type = 'table' AND NOT name = 'sqlite_sequence'
[0m
  [4;35;1mSQL (0.0ms)[0m   [0mSELECT version FROM schema_migrations[0m
Migrating to DeviseCreateUsers (20100722021412)
  [4;36;1mSQL (1.0ms)[0m   [0;1mselect sqlite_version(*)[0m
  [4;35;1mSQL (0.0ms)[0m   [0m SELECT name
 FROM sqlite_master
 WHERE type = 'table' AND NOT name = 'sqlite_sequence'
[0m
  [4;36;1mSQL (0.0ms)[0m   [0;1mSELECT version FROM schema_migrations[0m
  [4;35;1mSQL (1.0ms)[0m   [0m SELECT name
 FROM sqlite_master
 WHERE type = 'table' AND NOT name = 'sqlite_sequence'
[0m
  [4;36;1mSQL (0.0ms)[0m   [0;1mPRAGMA index_list("users")[0m
  [4;35;1mSQL (0.0ms)[0m   [0mPRAGMA index_info('index_users_on_reset_password_token')[0m
  [4;36;1mSQL (0.0ms)[0m   [0;1mPRAGMA index_info('index_users_on_confirmation_token')[0m
  [4;35;1mSQL (0.0ms)[0m   [0mPRAGMA index_info('index_users_on_email')[0m
  [4;36;1mSQL (1.0ms)[0m   [0;1m SELECT name
 FROM sqlite_master
 WHERE type = 'table' AND NOT name = 'sqlite_sequence'
[0m
  [4;35;1mSQL (1.0ms)[0m   [0mSELECT version FROM schema_migrations[0m
Migrating to DeviseCreateUsers (20100722021412)
  [4;36;1mSQL (0.0ms)[0m   [0;1mselect sqlite_version(*)[0m
  [4;35;1mSQL (0.0ms)[0m   [0m SELECT name
 FROM sqlite_master
 WHERE type = 'table' AND NOT name = 'sqlite_sequence'
[0m
  [4;36;1mSQL (0.0ms)[0m   [0;1mSELECT version FROM schema_migrations[0m
  [4;35;1mSQL (0.0ms)[0m   [0m SELECT name
 FROM sqlite_master
 WHERE type = 'table' AND NOT name = 'sqlite_sequence'
[0m
  [4;36;1mSQL (0.0ms)[0m   [0;1mPRAGMA index_list("users")[0m
  [4;35;1mSQL (0.0ms)[0m   [0mPRAGMA index_info('index_users_on_reset_password_token')[0m
  [4;36;1mSQL (0.0ms)[0m   [0;1mPRAGMA index_info('index_users_on_confirmation_token')[0m
  [4;35;1mSQL (0.0ms)[0m   [0mPRAGMA index_info('index_users_on_email')[0m


Processing HomeController#index (for 127.0.0.1 at 2010-07-24 18:39:55) [GET]
Rendering template within layouts/application
Rendering home/index
  [4;35;1mUser Load (1.0ms)[0m   [0mSELECT * FROM "users" WHERE ("users"."id" = '1') LIMIT 1[0m
  [4;36;1mUser Update (2.0ms)[0m   [0;1mUPDATE "users" SET "last_sign_in_at" = '2010-07-22 04:04:57', "current_sign_in_at" = '2010-07-24 23:39:55', "sign_in_count" = 3, "updated_at" = '2010-07-24 23:39:55' WHERE "id" = 1[0m
Rendered users/_user_bar (121.0ms)
Completed in 125ms (View: 120, DB: 3) | 200 OK [http://localhost/]


Processing SessionsController#destroy (for 127.0.0.1 at 2010-07-24 18:39:57) [GET]
  [4;35;1mUser Load (1.0ms)[0m   [0mSELECT * FROM "users" WHERE ("users"."id" = 1) LIMIT 1[0m
  [4;36;1mSQL (1.0ms)[0m   [0;1m SELECT name
 FROM sqlite_master
 WHERE type = 'table' AND NOT name = 'sqlite_sequence'
[0m
  [4;35;1mUser Update (1.0ms)[0m   [0mUPDATE "users" SET "remember_token" = NULL, "remember_created_at" = NULL, "updated_at" = '2010-07-24 23:39:57' WHERE "id" = 1[0m
Redirected to http://localhost:3000/
Completed in 87ms (DB: 3) | 302 Found [http://localhost/users/sign_out]


Processing HomeController#index (for 127.0.0.1 at 2010-07-24 18:39:57) [GET]
Rendering template within layouts/application
Rendering home/index
  [4;36;1mUser Load (1.0ms)[0m   [0;1mSELECT * FROM "users" WHERE ("users"."id" = '1') LIMIT 1[0m
Rendered users/_user_bar (11.0ms)
Completed in 15ms (View: 12, DB: 1) | 200 OK [http://localhost/]


Processing SessionsController#new (for 127.0.0.1 at 2010-07-24 18:39:58) [GET]
Rendering template within layouts/application
Rendering sessions/new
Rendered shared/_devise_links (0.0ms)
  [4;35;1mUser Load (0.0ms)[0m   [0mSELECT * FROM "users" WHERE ("users"."id" = '1') LIMIT 1[0m
Rendered users/_user_bar (1.0ms)
Completed in 30ms (View: 17, DB: 0) | 200 OK [http://localhost/users/sign_in]
